  [4;36;1mSQL (0.1ms)[0m   [0;1mSET NAMES 'utf8'[0m
  [4;35;1mSQL (0.3ms)[0m   [0mSET SQL_AUTO_IS_NULL=0[0m


Processing BookmarksController#show (for 127.0.0.1 at 2009-09-19 14:15:23) [GET]
  Parameters: {"bookmark_name"=>"migration-cheat-sheet", "lang"=>"ruby-on-rails"}
  [4;36;1mLanguage Columns (20.3ms)[0m   [0;1mSHOW FIELDS FROM `languages`[0m
  [4;35;1mLanguage Load (0.5ms)[0m   [0mSELECT * FROM `languages` WHERE (`languages`.`permalink` = 'ruby-on-rails') LIMIT 1[0m
  [4;36;1mBookmark Columns (2.2ms)[0m   [0;1mSHOW FIELDS FROM `bookmarks`[0m
  [4;35;1mBookmark Load (0.9ms)[0m   [0mSELECT * FROM `bookmarks` WHERE (`bookmarks`.`language_id` = 1) AND (`bookmarks`.`permalink` = 'migration-cheat-sheet') LIMIT 1[0m
Rendering template within layouts/bookmarks
Rendering bookmarks/show
  [4;36;1mLanguage Load (0.1ms)[0m   [0;1mSELECT * FROM `languages` ORDER BY name[0m
Rendered languages/_side_nav (2.6ms)
Completed in 64ms (View: 19, DB: 24) | 200 OK [http://org.local/bookmarks/ruby-on-rails/migration-cheat-sheet]
  [4;35;1mSQL (0.1ms)[0m   [0mSET NAMES 'utf8'[0m
  [4;36;1mSQL (0.4ms)[0m   [0;1mSET SQL_AUTO_IS_NULL=0[0m


Processing BookmarksController#show (for 127.0.0.1 at 2009-09-19 14:23:30) [GET]
  Parameters: {"bookmark_name"=>"migration-cheat-sheet", "lang"=>"ruby-on-rails"}
  [4;35;1mLanguage Columns (1.5ms)[0m   [0mSHOW FIELDS FROM `languages`[0m
  [4;36;1mLanguage Load (0.1ms)[0m   [0;1mSELECT * FROM `languages` WHERE (`languages`.`permalink` = 'ruby-on-rails') LIMIT 1[0m
  [4;35;1mBookmark Columns (1.4ms)[0m   [0mSHOW FIELDS FROM `bookmarks`[0m
  [4;36;1mBookmark Load (1.9ms)[0m   [0;1mSELECT * FROM `bookmarks` WHERE (`bookmarks`.`language_id` = 1) AND (`bookmarks`.`permalink` = 'migration-cheat-sheet') LIMIT 1[0m
Rendering template within layouts/bookmarks
Rendering bookmarks/show
  [4;35;1mLanguage Load (6.4ms)[0m   [0mSELECT * FROM `languages` ORDER BY name[0m
Rendered languages/_side_nav (9.3ms)
Completed in 64ms (View: 42, DB: 12) | 200 OK [http://org.local/bookmarks/ruby-on-rails/migration-cheat-sheet]
  [4;36;1mSQL (0.1ms)[0m   [0;1mSET NAMES 'utf8'[0m
  [4;35;1mSQL (0.2ms)[0m   [0mSET SQL_AUTO_IS_NULL=0[0m


Processing BookmarksController#show (for 127.0.0.1 at 2009-09-19 14:25:06) [GET]
  Parameters: {"bookmark_name"=>"migration-cheat-sheet", "lang"=>"ruby-on-rails"}
  [4;36;1mLanguage Columns (1.6ms)[0m   [0;1mSHOW FIELDS FROM `languages`[0m
  [4;35;1mLanguage Load (0.2ms)[0m   [0mSELECT * FROM `languages` WHERE (`languages`.`permalink` = 'ruby-on-rails') LIMIT 1[0m
  [4;36;1mBookmark Columns (2.0ms)[0m   [0;1mSHOW FIELDS FROM `bookmarks`[0m
  [4;35;1mBookmark Load (0.2ms)[0m   [0mSELECT * FROM `bookmarks` WHERE (`bookmarks`.`language_id` = 1) AND (`bookmarks`.`permalink` = 'migration-cheat-sheet') LIMIT 1[0m
Rendering template within layouts/bookmarks
Rendering bookmarks/show
  [4;36;1mLanguage Load (0.1ms)[0m   [0;1mSELECT * FROM `languages` ORDER BY name[0m
Rendered languages/_side_nav (2.5ms)
Completed in 26ms (View: 10, DB: 4) | 200 OK [http://org.local/bookmarks/ruby-on-rails/migration-cheat-sheet]
  [4;35;1mSQL (0.1ms)[0m   [0mSET NAMES 'utf8'[0m
  [4;36;1mSQL (0.1ms)[0m   [0;1mSET SQL_AUTO_IS_NULL=0[0m


Processing BookmarksController#show (for 127.0.0.1 at 2009-09-19 14:25:47) [GET]
  Parameters: {"bookmark_name"=>"migration-cheat-sheet", "lang"=>"ruby-on-rails"}
  [4;35;1mLanguage Columns (1.7ms)[0m   [0mSHOW FIELDS FROM `languages`[0m
  [4;36;1mLanguage Load (0.2ms)[0m   [0;1mSELECT * FROM `languages` WHERE (`languages`.`permalink` = 'ruby-on-rails') LIMIT 1[0m
  [4;35;1mBookmark Columns (1.7ms)[0m   [0mSHOW FIELDS FROM `bookmarks`[0m
  [4;36;1mBookmark Load (0.1ms)[0m   [0;1mSELECT * FROM `bookmarks` WHERE (`bookmarks`.`language_id` = 1) AND (`bookmarks`.`permalink` = 'migration-cheat-sheet') LIMIT 1[0m
Rendering template within layouts/bookmarks
Rendering bookmarks/show
  [4;35;1mLanguage Load (0.2ms)[0m   [0mSELECT * FROM `languages` ORDER BY name[0m
Rendered languages/_side_nav (2.7ms)
Completed in 29ms (View: 14, DB: 4) | 200 OK [http://org.local/bookmarks/ruby-on-rails/migration-cheat-sheet]
  [4;36;1mSQL (0.1ms)[0m   [0;1mSET NAMES 'utf8'[0m
  [4;35;1mSQL (0.5ms)[0m   [0mSET SQL_AUTO_IS_NULL=0[0m


Processing BookmarksController#show (for 127.0.0.1 at 2009-09-19 14:26:03) [GET]
  Parameters: {"bookmark_name"=>"migration-cheat-sheet", "lang"=>"ruby-on-rails"}
  [4;36;1mLanguage Columns (1.7ms)[0m   [0;1mSHOW FIELDS FROM `languages`[0m
  [4;35;1mLanguage Load (0.1ms)[0m   [0mSELECT * FROM `languages` WHERE (`languages`.`permalink` = 'ruby-on-rails') LIMIT 1[0m
  [4;36;1mBookmark Columns (1.6ms)[0m   [0;1mSHOW FIELDS FROM `bookmarks`[0m
  [4;35;1mBookmark Load (0.1ms)[0m   [0mSELECT * FROM `bookmarks` WHERE (`bookmarks`.`language_id` = 1) AND (`bookmarks`.`permalink` = 'migration-cheat-sheet') LIMIT 1[0m
Rendering template within layouts/bookmarks
Rendering bookmarks/show
  [4;36;1mLanguage Load (0.2ms)[0m   [0;1mSELECT * FROM `languages` ORDER BY name[0m
Rendered languages/_side_nav (3.2ms)
Completed in 26ms (View: 12, DB: 4) | 200 OK [http://org.local/bookmarks/ruby-on-rails/migration-cheat-sheet]
  [4;35;1mSQL (0.1ms)[0m   [0mSET NAMES 'utf8'[0m
  [4;36;1mSQL (0.1ms)[0m   [0;1mSET SQL_AUTO_IS_NULL=0[0m


Processing BookmarksController#show (for 127.0.0.1 at 2009-09-19 14:26:15) [GET]
  Parameters: {"bookmark_name"=>"migration-cheat-sheet", "lang"=>"ruby-on-rails"}
  [4;35;1mLanguage Columns (1.6ms)[0m   [0mSHOW FIELDS FROM `languages`[0m
  [4;36;1mLanguage Load (0.5ms)[0m   [0;1mSELECT * FROM `languages` WHERE (`languages`.`permalink` = 'ruby-on-rails') LIMIT 1[0m
  [4;35;1mBookmark Columns (1.5ms)[0m   [0mSHOW FIELDS FROM `bookmarks`[0m
  [4;36;1mBookmark Load (0.2ms)[0m   [0;1mSELECT * FROM `bookmarks` WHERE (`bookmarks`.`language_id` = 1) AND (`bookmarks`.`permalink` = 'migration-cheat-sheet') LIMIT 1[0m
Rendering template within layouts/bookmarks
Rendering bookmarks/show
  [4;35;1mLanguage Load (0.1ms)[0m   [0mSELECT * FROM `languages` ORDER BY name[0m
Rendered languages/_side_nav (2.6ms)
Completed in 24ms (View: 11, DB: 4) | 200 OK [http://org.local/bookmarks/ruby-on-rails/migration-cheat-sheet]
  [4;36;1mSQL (0.1ms)[0m   [0;1mSET NAMES 'utf8'[0m
  [4;35;1mSQL (0.1ms)[0m   [0mSET SQL_AUTO_IS_NULL=0[0m


Processing BookmarksController#show (for 127.0.0.1 at 2009-09-19 14:31:49) [GET]
  Parameters: {"bookmark_name"=>"migration-cheat-sheet", "lang"=>"ruby-on-rails"}
  [4;36;1mLanguage Columns (16.8ms)[0m   [0;1mSHOW FIELDS FROM `languages`[0m
  [4;35;1mLanguage Load (0.7ms)[0m   [0mSELECT * FROM `languages` WHERE (`languages`.`permalink` = 'ruby-on-rails') LIMIT 1[0m
  [4;36;1mBookmark Columns (2.2ms)[0m   [0;1mSHOW FIELDS FROM `bookmarks`[0m
  [4;35;1mBookmark Load (0.1ms)[0m   [0mSELECT * FROM `bookmarks` WHERE (`bookmarks`.`language_id` = 1) AND (`bookmarks`.`permalink` = 'migration-cheat-sheet') LIMIT 1[0m
Rendering template within layouts/bookmarks
Rendering bookmarks/show
  [4;36;1mLanguage Load (0.1ms)[0m   [0;1mSELECT * FROM `languages` ORDER BY name[0m
Rendered languages/_side_nav (2.8ms)
Completed in 140ms (View: 105, DB: 20) | 200 OK [http://org.local/bookmarks/ruby-on-rails/migration-cheat-sheet]
  [4;35;1mSQL (0.1ms)[0m   [0mSET NAMES 'utf8'[0m
  [4;36;1mSQL (0.1ms)[0m   [0;1mSET SQL_AUTO_IS_NULL=0[0m


Processing BookmarksController#show (for 127.0.0.1 at 2009-09-19 14:32:05) [GET]
  Parameters: {"bookmark_name"=>"migration-cheat-sheet", "lang"=>"ruby-on-rails"}
  [4;35;1mLanguage Columns (1.9ms)[0m   [0mSHOW FIELDS FROM `languages`[0m
  [4;36;1mLanguage Load (1.9ms)[0m   [0;1mSELECT * FROM `languages` WHERE (`languages`.`permalink` = 'ruby-on-rails') LIMIT 1[0m
  [4;35;1mBookmark Columns (2.6ms)[0m   [0mSHOW FIELDS FROM `bookmarks`[0m
  [4;36;1mBookmark Load (2.0ms)[0m   [0;1mSELECT * FROM `bookmarks` WHERE (`bookmarks`.`language_id` = 1) AND (`bookmarks`.`permalink` = 'migration-cheat-sheet') LIMIT 1[0m
Rendering template within layouts/bookmarks
Rendering bookmarks/show
  [4;35;1mLanguage Load (0.1ms)[0m   [0mSELECT * FROM `languages` ORDER BY name[0m
Rendered languages/_side_nav (2.6ms)
Completed in 33ms (View: 7, DB: 9) | 200 OK [http://org.local/bookmarks/ruby-on-rails/migration-cheat-sheet]
  [4;36;1mSQL (0.1ms)[0m   [0;1mSET NAMES 'utf8'[0m
  [4;35;1mSQL (0.4ms)[0m   [0mSET SQL_AUTO_IS_NULL=0[0m


Processing BookmarksController#show (for 127.0.0.1 at 2009-09-19 14:32:13) [GET]
  Parameters: {"bookmark_name"=>"migration-cheat-sheet", "lang"=>"ruby-on-rails"}
  [4;36;1mLanguage Columns (1.7ms)[0m   [0;1mSHOW FIELDS FROM `languages`[0m
  [4;35;1mLanguage Load (0.1ms)[0m   [0mSELECT * FROM `languages` WHERE (`languages`.`permalink` = 'ruby-on-rails') LIMIT 1[0m
  [4;36;1mBookmark Columns (1.5ms)[0m   [0;1mSHOW FIELDS FROM `bookmarks`[0m
  [4;35;1mBookmark Load (0.1ms)[0m   [0mSELECT * FROM `bookmarks` WHERE (`bookmarks`.`language_id` = 1) AND (`bookmarks`.`permalink` = 'migration-cheat-sheet') LIMIT 1[0m
Rendering template within layouts/bookmarks
Rendering bookmarks/show
  [4;36;1mLanguage Load (0.2ms)[0m   [0;1mSELECT * FROM `languages` ORDER BY name[0m
Rendered languages/_side_nav (2.8ms)
Completed in 27ms (View: 12, DB: 4) | 200 OK [http://org.local/bookmarks/ruby-on-rails/migration-cheat-sheet]
  [4;35;1mSQL (0.1ms)[0m   [0mSET NAMES 'utf8'[0m
  [4;36;1mSQL (0.1ms)[0m   [0;1mSET SQL_AUTO_IS_NULL=0[0m


Processing BookmarksController#show (for 127.0.0.1 at 2009-09-19 14:32:35) [GET]
  Parameters: {"bookmark_name"=>"migration-cheat-sheet", "lang"=>"ruby-on-rails"}
  [4;35;1mLanguage Columns (1.6ms)[0m   [0mSHOW FIELDS FROM `languages`[0m
  [4;36;1mLanguage Load (0.5ms)[0m   [0;1mSELECT * FROM `languages` WHERE (`languages`.`permalink` = 'ruby-on-rails') LIMIT 1[0m
  [4;35;1mBookmark Columns (1.6ms)[0m   [0mSHOW FIELDS FROM `bookmarks`[0m
  [4;36;1mBookmark Load (0.1ms)[0m   [0;1mSELECT * FROM `bookmarks` WHERE (`bookmarks`.`language_id` = 1) AND (`bookmarks`.`permalink` = 'migration-cheat-sheet') LIMIT 1[0m
Rendering template within layouts/bookmarks
Rendering bookmarks/show
  [4;35;1mLanguage Load (0.2ms)[0m   [0mSELECT * FROM `languages` ORDER BY name[0m
Rendered languages/_side_nav (2.9ms)
Completed in 25ms (View: 12, DB: 4) | 200 OK [http://org.local/bookmarks/ruby-on-rails/migration-cheat-sheet]
  [4;36;1mSQL (0.1ms)[0m   [0;1mSET NAMES 'utf8'[0m
  [4;35;1mSQL (0.3ms)[0m   [0mSET SQL_AUTO_IS_NULL=0[0m


Processing BookmarksController#ruby-on-rails to jpg (for 127.0.0.1 at 2009-09-19 14:32:37) [GET]
  Parameters: {"id"=>"apple"}

ActionController::UnknownAction (No action responded to ruby-on-rails. Actions: create, destroy, edit, index, new, per_page, show, and update):
  passenger (2.2.4) lib/phusion_passenger/rack/request_handler.rb:91:in `process_request'
  passenger (2.2.4) lib/phusion_passenger/abstract_request_handler.rb:206:in `main_loop'
  passenger (2.2.4) lib/phusion_passenger/railz/application_spawner.rb:376:in `start_request_handler'
  passenger (2.2.4) lib/phusion_passenger/railz/application_spawner.rb:334:in `handle_spawn_application'
  passenger (2.2.4) lib/phusion_passenger/utils.rb:182:in `safe_fork'
  passenger (2.2.4) lib/phusion_passenger/railz/application_spawner.rb:332:in `handle_spawn_application'
  passenger (2.2.4) lib/phusion_passenger/abstract_server.rb:351:in `__send__'
  passenger (2.2.4) lib/phusion_passenger/abstract_server.rb:351:in `main_loop'
  passenger (2.2.4) lib/phusion_passenger/abstract_server.rb:195:in `start_synchronously'
  passenger (2.2.4) lib/phusion_passenger/abstract_server.rb:162:in `start'
  passenger (2.2.4) lib/phusion_passenger/railz/application_spawner.rb:213:in `start'
  passenger (2.2.4) lib/phusion_passenger/spawn_manager.rb:261:in `spawn_rails_application'
  passenger (2.2.4) lib/phusion_passenger/abstract_server_collection.rb:126:in `lookup_or_add'
  passenger (2.2.4) lib/phusion_passenger/spawn_manager.rb:255:in `spawn_rails_application'
  passenger (2.2.4) lib/phusion_passenger/abstract_server_collection.rb:80:in `synchronize'
  passenger (2.2.4) lib/phusion_passenger/abstract_server_collection.rb:79:in `synchronize'
  passenger (2.2.4) lib/phusion_passenger/spawn_manager.rb:254:in `spawn_rails_application'
  passenger (2.2.4) lib/phusion_passenger/spawn_manager.rb:153:in `spawn_application'
  passenger (2.2.4) lib/phusion_passenger/spawn_manager.rb:286:in `handle_spawn_application'
  passenger (2.2.4) lib/phusion_passenger/abstract_server.rb:351:in `__send__'
  passenger (2.2.4) lib/phusion_passenger/abstract_server.rb:351:in `main_loop'
  passenger (2.2.4) lib/phusion_passenger/abstract_server.rb:195:in `start_synchronously'

Rendering rescues/layout (not_found)
  [4;36;1mSQL (0.1ms)[0m   [0;1mSET NAMES 'utf8'[0m
  [4;35;1mSQL (0.1ms)[0m   [0mSET SQL_AUTO_IS_NULL=0[0m


Processing BookmarksController#show (for 127.0.0.1 at 2009-09-19 14:33:33) [GET]
  Parameters: {"bookmark_name"=>"migration-cheat-sheet", "lang"=>"ruby-on-rails"}
  [4;36;1mLanguage Columns (1.6ms)[0m   [0;1mSHOW FIELDS FROM `languages`[0m
  [4;35;1mLanguage Load (0.1ms)[0m   [0mSELECT * FROM `languages` WHERE (`languages`.`permalink` = 'ruby-on-rails') LIMIT 1[0m
  [4;36;1mBookmark Columns (1.6ms)[0m   [0;1mSHOW FIELDS FROM `bookmarks`[0m
  [4;35;1mBookmark Load (0.1ms)[0m   [0mSELECT * FROM `bookmarks` WHERE (`bookmarks`.`language_id` = 1) AND (`bookmarks`.`permalink` = 'migration-cheat-sheet') LIMIT 1[0m
Rendering template within layouts/bookmarks
Rendering bookmarks/show
  [4;36;1mLanguage Load (0.2ms)[0m   [0;1mSELECT * FROM `languages` ORDER BY name[0m
Rendered languages/_side_nav (2.8ms)
Completed in 27ms (View: 12, DB: 4) | 200 OK [http://org.local/bookmarks/ruby-on-rails/migration-cheat-sheet]
  [4;35;1mSQL (0.1ms)[0m   [0mSET NAMES 'utf8'[0m
  [4;36;1mSQL (0.1ms)[0m   [0;1mSET SQL_AUTO_IS_NULL=0[0m


Processing BookmarksController#ruby-on-rails to jpg (for 127.0.0.1 at 2009-09-19 14:33:35) [GET]
  Parameters: {"id"=>"apple"}

ActionController::UnknownAction (No action responded to ruby-on-rails. Actions: create, destroy, edit, index, new, per_page, show, and update):
  passenger (2.2.4) lib/phusion_passenger/rack/request_handler.rb:91:in `process_request'
  passenger (2.2.4) lib/phusion_passenger/abstract_request_handler.rb:206:in `main_loop'
  passenger (2.2.4) lib/phusion_passenger/railz/application_spawner.rb:376:in `start_request_handler'
  passenger (2.2.4) lib/phusion_passenger/railz/application_spawner.rb:334:in `handle_spawn_application'
  passenger (2.2.4) lib/phusion_passenger/utils.rb:182:in `safe_fork'
  passenger (2.2.4) lib/phusion_passenger/railz/application_spawner.rb:332:in `handle_spawn_application'
  passenger (2.2.4) lib/phusion_passenger/abstract_server.rb:351:in `__send__'
  passenger (2.2.4) lib/phusion_passenger/abstract_server.rb:351:in `main_loop'
  passenger (2.2.4) lib/phusion_passenger/abstract_server.rb:195:in `start_synchronously'
  passenger (2.2.4) lib/phusion_passenger/abstract_server.rb:162:in `start'
  passenger (2.2.4) lib/phusion_passenger/railz/application_spawner.rb:213:in `start'
  passenger (2.2.4) lib/phusion_passenger/spawn_manager.rb:261:in `spawn_rails_application'
  passenger (2.2.4) lib/phusion_passenger/abstract_server_collection.rb:126:in `lookup_or_add'
  passenger (2.2.4) lib/phusion_passenger/spawn_manager.rb:255:in `spawn_rails_application'
  passenger (2.2.4) lib/phusion_passenger/abstract_server_collection.rb:80:in `synchronize'
  passenger (2.2.4) lib/phusion_passenger/abstract_server_collection.rb:79:in `synchronize'
  passenger (2.2.4) lib/phusion_passenger/spawn_manager.rb:254:in `spawn_rails_application'
  passenger (2.2.4) lib/phusion_passenger/spawn_manager.rb:153:in `spawn_application'
  passenger (2.2.4) lib/phusion_passenger/spawn_manager.rb:286:in `handle_spawn_application'
  passenger (2.2.4) lib/phusion_passenger/abstract_server.rb:351:in `__send__'
  passenger (2.2.4) lib/phusion_passenger/abstract_server.rb:351:in `main_loop'
  passenger (2.2.4) lib/phusion_passenger/abstract_server.rb:195:in `start_synchronously'

Rendering rescues/layout (not_found)
  [4;35;1mSQL (0.1ms)[0m   [0mSET NAMES 'utf8'[0m
  [4;36;1mSQL (0.1ms)[0m   [0;1mSET SQL_AUTO_IS_NULL=0[0m


Processing BookmarksController#show (for 127.0.0.1 at 2009-09-19 14:33:47) [GET]
  Parameters: {"bookmark_name"=>"migration-cheat-sheet", "lang"=>"ruby-on-rails"}
  [4;35;1mLanguage Columns (1.7ms)[0m   [0mSHOW FIELDS FROM `languages`[0m
  [4;36;1mLanguage Load (0.5ms)[0m   [0;1mSELECT * FROM `languages` WHERE (`languages`.`permalink` = 'ruby-on-rails') LIMIT 1[0m
  [4;35;1mBookmark Columns (1.5ms)[0m   [0mSHOW FIELDS FROM `bookmarks`[0m
  [4;36;1mBookmark Load (0.1ms)[0m   [0;1mSELECT * FROM `bookmarks` WHERE (`bookmarks`.`language_id` = 1) AND (`bookmarks`.`permalink` = 'migration-cheat-sheet') LIMIT 1[0m
Rendering template within layouts/bookmarks
Rendering bookmarks/show
  [4;35;1mLanguage Load (0.1ms)[0m   [0mSELECT * FROM `languages` ORDER BY name[0m
Rendered languages/_side_nav (2.4ms)
Completed in 21ms (View: 7, DB: 4) | 200 OK [http://org.local/bookmarks/ruby-on-rails/migration-cheat-sheet]
  [4;36;1mSQL (0.1ms)[0m   [0;1mSET NAMES 'utf8'[0m
  [4;35;1mSQL (0.1ms)[0m   [0mSET SQL_AUTO_IS_NULL=0[0m


Processing BookmarksController#show (for 127.0.0.1 at 2009-09-19 14:34:59) [GET]
  Parameters: {"bookmark_name"=>"migration-cheat-sheet", "lang"=>"ruby-on-rails"}
  [4;36;1mLanguage Columns (1.7ms)[0m   [0;1mSHOW FIELDS FROM `languages`[0m
  [4;35;1mLanguage Load (0.8ms)[0m   [0mSELECT * FROM `languages` WHERE (`languages`.`permalink` = 'ruby-on-rails') LIMIT 1[0m
  [4;36;1mBookmark Columns (1.6ms)[0m   [0;1mSHOW FIELDS FROM `bookmarks`[0m
  [4;35;1mBookmark Load (0.1ms)[0m   [0mSELECT * FROM `bookmarks` WHERE (`bookmarks`.`language_id` = 1) AND (`bookmarks`.`permalink` = 'migration-cheat-sheet') LIMIT 1[0m
Rendering template within layouts/bookmarks
Rendering bookmarks/show
  [4;36;1mLanguage Load (0.1ms)[0m   [0;1mSELECT * FROM `languages` ORDER BY name[0m
Rendered languages/_side_nav (2.5ms)
Completed in 25ms (View: 11, DB: 4) | 200 OK [http://org.local/bookmarks/ruby-on-rails/migration-cheat-sheet]
  [4;35;1mSQL (0.1ms)[0m   [0mSET NAMES 'utf8'[0m
  [4;36;1mSQL (0.2ms)[0m   [0;1mSET SQL_AUTO_IS_NULL=0[0m


Processing BookmarksController#ruby-on-rails to jpg (for 127.0.0.1 at 2009-09-19 14:35:01) [GET]
  Parameters: {"id"=>"apple"}

ActionController::UnknownAction (No action responded to ruby-on-rails. Actions: create, destroy, edit, index, new, per_page, show, and update):
  passenger (2.2.4) lib/phusion_passenger/rack/request_handler.rb:91:in `process_request'
  passenger (2.2.4) lib/phusion_passenger/abstract_request_handler.rb:206:in `main_loop'
  passenger (2.2.4) lib/phusion_passenger/railz/application_spawner.rb:376:in `start_request_handler'
  passenger (2.2.4) lib/phusion_passenger/railz/application_spawner.rb:334:in `handle_spawn_application'
  passenger (2.2.4) lib/phusion_passenger/utils.rb:182:in `safe_fork'
  passenger (2.2.4) lib/phusion_passenger/railz/application_spawner.rb:332:in `handle_spawn_application'
  passenger (2.2.4) lib/phusion_passenger/abstract_server.rb:351:in `__send__'
  passenger (2.2.4) lib/phusion_passenger/abstract_server.rb:351:in `main_loop'
  passenger (2.2.4) lib/phusion_passenger/abstract_server.rb:195:in `start_synchronously'
  passenger (2.2.4) lib/phusion_passenger/abstract_server.rb:162:in `start'
  passenger (2.2.4) lib/phusion_passenger/railz/application_spawner.rb:213:in `start'
  passenger (2.2.4) lib/phusion_passenger/spawn_manager.rb:261:in `spawn_rails_application'
  passenger (2.2.4) lib/phusion_passenger/abstract_server_collection.rb:126:in `lookup_or_add'
  passenger (2.2.4) lib/phusion_passenger/spawn_manager.rb:255:in `spawn_rails_application'
  passenger (2.2.4) lib/phusion_passenger/abstract_server_collection.rb:80:in `synchronize'
  passenger (2.2.4) lib/phusion_passenger/abstract_server_collection.rb:79:in `synchronize'
  passenger (2.2.4) lib/phusion_passenger/spawn_manager.rb:254:in `spawn_rails_application'
  passenger (2.2.4) lib/phusion_passenger/spawn_manager.rb:153:in `spawn_application'
  passenger (2.2.4) lib/phusion_passenger/spawn_manager.rb:286:in `handle_spawn_application'
  passenger (2.2.4) lib/phusion_passenger/abstract_server.rb:351:in `__send__'
  passenger (2.2.4) lib/phusion_passenger/abstract_server.rb:351:in `main_loop'
  passenger (2.2.4) lib/phusion_passenger/abstract_server.rb:195:in `start_synchronously'

Rendering rescues/layout (not_found)
  [4;35;1mSQL (0.1ms)[0m   [0mSET NAMES 'utf8'[0m
  [4;36;1mSQL (0.2ms)[0m   [0;1mSET SQL_AUTO_IS_NULL=0[0m


Processing BookmarksController#show (for 127.0.0.1 at 2009-09-19 14:35:11) [GET]
  Parameters: {"bookmark_name"=>"migration-cheat-sheet", "lang"=>"ruby-on-rails"}
  [4;35;1mLanguage Columns (2.0ms)[0m   [0mSHOW FIELDS FROM `languages`[0m
  [4;36;1mLanguage Load (0.1ms)[0m   [0;1mSELECT * FROM `languages` WHERE (`languages`.`permalink` = 'ruby-on-rails') LIMIT 1[0m
  [4;35;1mBookmark Columns (1.8ms)[0m   [0mSHOW FIELDS FROM `bookmarks`[0m
  [4;36;1mBookmark Load (1.0ms)[0m   [0;1mSELECT * FROM `bookmarks` WHERE (`bookmarks`.`language_id` = 1) AND (`bookmarks`.`permalink` = 'migration-cheat-sheet') LIMIT 1[0m
Rendering template within layouts/bookmarks
Rendering bookmarks/show
  [4;35;1mLanguage Load (0.1ms)[0m   [0mSELECT * FROM `languages` ORDER BY name[0m
Rendered languages/_side_nav (2.5ms)
Completed in 24ms (View: 7, DB: 5) | 200 OK [http://org.local/bookmarks/ruby-on-rails/migration-cheat-sheet]
  [4;36;1mSQL (0.1ms)[0m   [0;1mSET NAMES 'utf8'[0m
  [4;35;1mSQL (0.1ms)[0m   [0mSET SQL_AUTO_IS_NULL=0[0m


Processing BookmarksController#show (for 127.0.0.1 at 2009-09-19 14:37:23) [GET]
  Parameters: {"bookmark_name"=>"migration-cheat-sheet", "lang"=>"ruby-on-rails"}
  [4;36;1mLanguage Columns (1.6ms)[0m   [0;1mSHOW FIELDS FROM `languages`[0m
  [4;35;1mLanguage Load (0.4ms)[0m   [0mSELECT * FROM `languages` WHERE (`languages`.`permalink` = 'ruby-on-rails') LIMIT 1[0m
  [4;36;1mBookmark Columns (1.6ms)[0m   [0;1mSHOW FIELDS FROM `bookmarks`[0m
  [4;35;1mBookmark Load (0.1ms)[0m   [0mSELECT * FROM `bookmarks` WHERE (`bookmarks`.`language_id` = 1) AND (`bookmarks`.`permalink` = 'migration-cheat-sheet') LIMIT 1[0m
Rendering template within layouts/bookmarks
Rendering bookmarks/show
  [4;36;1mLanguage Load (0.1ms)[0m   [0;1mSELECT * FROM `languages` ORDER BY name[0m
Rendered languages/_side_nav (2.6ms)
Completed in 30ms (View: 16, DB: 4) | 200 OK [http://org.local/bookmarks/ruby-on-rails/migration-cheat-sheet]
  [4;35;1mSQL (0.3ms)[0m   [0mSET NAMES 'utf8'[0m
  [4;36;1mSQL (0.1ms)[0m   [0;1mSET SQL_AUTO_IS_NULL=0[0m


Processing BookmarksController#show (for 127.0.0.1 at 2009-09-19 14:38:04) [GET]
  Parameters: {"bookmark_name"=>"migration-cheat-sheet", "lang"=>"ruby-on-rails"}
  [4;35;1mLanguage Columns (2.4ms)[0m   [0mSHOW FIELDS FROM `languages`[0m
  [4;36;1mLanguage Load (0.5ms)[0m   [0;1mSELECT * FROM `languages` WHERE (`languages`.`permalink` = 'ruby-on-rails') LIMIT 1[0m
  [4;35;1mBookmark Columns (1.7ms)[0m   [0mSHOW FIELDS FROM `bookmarks`[0m
  [4;36;1mBookmark Load (0.1ms)[0m   [0;1mSELECT * FROM `bookmarks` WHERE (`bookmarks`.`language_id` = 1) AND (`bookmarks`.`permalink` = 'migration-cheat-sheet') LIMIT 1[0m
Rendering template within layouts/bookmarks
Rendering bookmarks/show
  [4;35;1mLanguage Load (0.2ms)[0m   [0mSELECT * FROM `languages` ORDER BY name[0m
Rendered languages/_side_nav (2.7ms)
Completed in 26ms (View: 12, DB: 5) | 200 OK [http://org.local/bookmarks/ruby-on-rails/migration-cheat-sheet]
  [4;36;1mSQL (0.1ms)[0m   [0;1mSET NAMES 'utf8'[0m
  [4;35;1mSQL (0.1ms)[0m   [0mSET SQL_AUTO_IS_NULL=0[0m


Processing BookmarksController#ruby-on-rails to dat (for 127.0.0.1 at 2009-09-19 14:38:06) [GET]
  Parameters: {"id"=>"somefile"}

ActionController::UnknownAction (No action responded to ruby-on-rails. Actions: create, destroy, edit, index, new, per_page, show, and update):
  passenger (2.2.4) lib/phusion_passenger/rack/request_handler.rb:91:in `process_request'
  passenger (2.2.4) lib/phusion_passenger/abstract_request_handler.rb:206:in `main_loop'
  passenger (2.2.4) lib/phusion_passenger/railz/application_spawner.rb:376:in `start_request_handler'
  passenger (2.2.4) lib/phusion_passenger/railz/application_spawner.rb:334:in `handle_spawn_application'
  passenger (2.2.4) lib/phusion_passenger/utils.rb:182:in `safe_fork'
  passenger (2.2.4) lib/phusion_passenger/railz/application_spawner.rb:332:in `handle_spawn_application'
  passenger (2.2.4) lib/phusion_passenger/abstract_server.rb:351:in `__send__'
  passenger (2.2.4) lib/phusion_passenger/abstract_server.rb:351:in `main_loop'
  passenger (2.2.4) lib/phusion_passenger/abstract_server.rb:195:in `start_synchronously'
  passenger (2.2.4) lib/phusion_passenger/abstract_server.rb:162:in `start'
  passenger (2.2.4) lib/phusion_passenger/railz/application_spawner.rb:213:in `start'
  passenger (2.2.4) lib/phusion_passenger/spawn_manager.rb:261:in `spawn_rails_application'
  passenger (2.2.4) lib/phusion_passenger/abstract_server_collection.rb:126:in `lookup_or_add'
  passenger (2.2.4) lib/phusion_passenger/spawn_manager.rb:255:in `spawn_rails_application'
  passenger (2.2.4) lib/phusion_passenger/abstract_server_collection.rb:80:in `synchronize'
  passenger (2.2.4) lib/phusion_passenger/abstract_server_collection.rb:79:in `synchronize'
  passenger (2.2.4) lib/phusion_passenger/spawn_manager.rb:254:in `spawn_rails_application'
  passenger (2.2.4) lib/phusion_passenger/spawn_manager.rb:153:in `spawn_application'
  passenger (2.2.4) lib/phusion_passenger/spawn_manager.rb:286:in `handle_spawn_application'
  passenger (2.2.4) lib/phusion_passenger/abstract_server.rb:351:in `__send__'
  passenger (2.2.4) lib/phusion_passenger/abstract_server.rb:351:in `main_loop'
  passenger (2.2.4) lib/phusion_passenger/abstract_server.rb:195:in `start_synchronously'

Rendering rescues/layout (not_found)
  [4;36;1mSQL (0.1ms)[0m   [0;1mSET NAMES 'utf8'[0m
  [4;35;1mSQL (0.1ms)[0m   [0mSET SQL_AUTO_IS_NULL=0[0m


Processing BookmarksController#show (for 127.0.0.1 at 2009-09-19 14:38:42) [GET]
  Parameters: {"bookmark_name"=>"migration-cheat-sheet", "lang"=>"ruby-on-rails"}
  [4;36;1mLanguage Columns (1.6ms)[0m   [0;1mSHOW FIELDS FROM `languages`[0m
  [4;35;1mLanguage Load (0.6ms)[0m   [0mSELECT * FROM `languages` WHERE (`languages`.`permalink` = 'ruby-on-rails') LIMIT 1[0m
  [4;36;1mBookmark Columns (1.6ms)[0m   [0;1mSHOW FIELDS FROM `bookmarks`[0m
  [4;35;1mBookmark Load (0.1ms)[0m   [0mSELECT * FROM `bookmarks` WHERE (`bookmarks`.`language_id` = 1) AND (`bookmarks`.`permalink` = 'migration-cheat-sheet') LIMIT 1[0m
Rendering template within layouts/bookmarks
Rendering bookmarks/show
  [4;36;1mLanguage Load (0.2ms)[0m   [0;1mSELECT * FROM `languages` ORDER BY name[0m
Rendered languages/_side_nav (2.7ms)
Completed in 27ms (View: 12, DB: 4) | 200 OK [http://org.local/bookmarks/ruby-on-rails/migration-cheat-sheet]
  [4;35;1mSQL (0.1ms)[0m   [0mSET NAMES 'utf8'[0m
  [4;36;1mSQL (0.3ms)[0m   [0;1mSET SQL_AUTO_IS_NULL=0[0m


Processing BookmarksController#show (for 127.0.0.1 at 2009-09-19 14:38:55) [GET]
  Parameters: {"bookmark_name"=>"migration-cheat-sheet", "lang"=>"ruby-on-rails"}
  [4;35;1mLanguage Columns (1.6ms)[0m   [0mSHOW FIELDS FROM `languages`[0m
  [4;36;1mLanguage Load (0.2ms)[0m   [0;1mSELECT * FROM `languages` WHERE (`languages`.`permalink` = 'ruby-on-rails') LIMIT 1[0m
  [4;35;1mBookmark Columns (1.6ms)[0m   [0mSHOW FIELDS FROM `bookmarks`[0m
  [4;36;1mBookmark Load (0.2ms)[0m   [0;1mSELECT * FROM `bookmarks` WHERE (`bookmarks`.`language_id` = 1) AND (`bookmarks`.`permalink` = 'migration-cheat-sheet') LIMIT 1[0m
Rendering template within layouts/bookmarks
Rendering bookmarks/show
  [4;35;1mLanguage Load (0.2ms)[0m   [0mSELECT * FROM `languages` ORDER BY name[0m
Rendered languages/_side_nav (3.5ms)
Completed in 27ms (View: 13, DB: 4) | 200 OK [http://org.local/bookmarks/ruby-on-rails/migration-cheat-sheet]
  [4;36;1mSQL (0.1ms)[0m   [0;1mSET NAMES 'utf8'[0m
  [4;35;1mSQL (0.1ms)[0m   [0mSET SQL_AUTO_IS_NULL=0[0m


Processing BookmarksController#show (for 127.0.0.1 at 2009-09-19 14:39:11) [GET]
  Parameters: {"bookmark_name"=>"migration-cheat-sheet", "lang"=>"ruby-on-rails"}
  [4;36;1mLanguage Columns (1.8ms)[0m   [0;1mSHOW FIELDS FROM `languages`[0m
  [4;35;1mLanguage Load (0.3ms)[0m   [0mSELECT * FROM `languages` WHERE (`languages`.`permalink` = 'ruby-on-rails') LIMIT 1[0m
  [4;36;1mBookmark Columns (1.6ms)[0m   [0;1mSHOW FIELDS FROM `bookmarks`[0m
  [4;35;1mBookmark Load (0.8ms)[0m   [0mSELECT * FROM `bookmarks` WHERE (`bookmarks`.`language_id` = 1) AND (`bookmarks`.`permalink` = 'migration-cheat-sheet') LIMIT 1[0m
Rendering template within layouts/bookmarks
Rendering bookmarks/show
  [4;36;1mLanguage Load (0.1ms)[0m   [0;1mSELECT * FROM `languages` ORDER BY name[0m
Rendered languages/_side_nav (2.6ms)
Completed in 27ms (View: 12, DB: 5) | 200 OK [http://org.local/bookmarks/ruby-on-rails/migration-cheat-sheet]
  [4;35;1mSQL (0.1ms)[0m   [0mSET NAMES 'utf8'[0m
  [4;36;1mSQL (0.1ms)[0m   [0;1mSET SQL_AUTO_IS_NULL=0[0m


Processing BookmarksController#show (for 127.0.0.1 at 2009-09-19 14:39:39) [GET]
  Parameters: {"bookmark_name"=>"migration-cheat-sheet", "lang"=>"ruby-on-rails"}
  [4;35;1mLanguage Columns (1.6ms)[0m   [0mSHOW FIELDS FROM `languages`[0m
  [4;36;1mLanguage Load (0.8ms)[0m   [0;1mSELECT * FROM `languages` WHERE (`languages`.`permalink` = 'ruby-on-rails') LIMIT 1[0m
  [4;35;1mBookmark Columns (1.6ms)[0m   [0mSHOW FIELDS FROM `bookmarks`[0m
  [4;36;1mBookmark Load (0.2ms)[0m   [0;1mSELECT * FROM `bookmarks` WHERE (`bookmarks`.`language_id` = 1) AND (`bookmarks`.`permalink` = 'migration-cheat-sheet') LIMIT 1[0m
Rendering template within layouts/bookmarks
Rendering bookmarks/show
  [4;35;1mLanguage Load (0.2ms)[0m   [0mSELECT * FROM `languages` ORDER BY name[0m
Rendered languages/_side_nav (2.6ms)
Completed in 27ms (View: 12, DB: 5) | 200 OK [http://org.local/bookmarks/ruby-on-rails/migration-cheat-sheet]
  [4;36;1mSQL (0.1ms)[0m   [0;1mSET NAMES 'utf8'[0m
  [4;35;1mSQL (0.1ms)[0m   [0mSET SQL_AUTO_IS_NULL=0[0m


Processing BookmarksController#ruby-on-rails to dat (for 127.0.0.1 at 2009-09-19 14:39:41) [GET]
  Parameters: {"id"=>"somefile"}

ActionController::UnknownAction (No action responded to ruby-on-rails. Actions: create, destroy, edit, index, new, per_page, show, and update):
  passenger (2.2.4) lib/phusion_passenger/rack/request_handler.rb:91:in `process_request'
  passenger (2.2.4) lib/phusion_passenger/abstract_request_handler.rb:206:in `main_loop'
  passenger (2.2.4) lib/phusion_passenger/railz/application_spawner.rb:376:in `start_request_handler'
  passenger (2.2.4) lib/phusion_passenger/railz/application_spawner.rb:334:in `handle_spawn_application'
  passenger (2.2.4) lib/phusion_passenger/utils.rb:182:in `safe_fork'
  passenger (2.2.4) lib/phusion_passenger/railz/application_spawner.rb:332:in `handle_spawn_application'
  passenger (2.2.4) lib/phusion_passenger/abstract_server.rb:351:in `__send__'
  passenger (2.2.4) lib/phusion_passenger/abstract_server.rb:351:in `main_loop'
  passenger (2.2.4) lib/phusion_passenger/abstract_server.rb:195:in `start_synchronously'
  passenger (2.2.4) lib/phusion_passenger/abstract_server.rb:162:in `start'
  passenger (2.2.4) lib/phusion_passenger/railz/application_spawner.rb:213:in `start'
  passenger (2.2.4) lib/phusion_passenger/spawn_manager.rb:261:in `spawn_rails_application'
  passenger (2.2.4) lib/phusion_passenger/abstract_server_collection.rb:126:in `lookup_or_add'
  passenger (2.2.4) lib/phusion_passenger/spawn_manager.rb:255:in `spawn_rails_application'
  passenger (2.2.4) lib/phusion_passenger/abstract_server_collection.rb:80:in `synchronize'
  passenger (2.2.4) lib/phusion_passenger/abstract_server_collection.rb:79:in `synchronize'
  passenger (2.2.4) lib/phusion_passenger/spawn_manager.rb:254:in `spawn_rails_application'
  passenger (2.2.4) lib/phusion_passenger/spawn_manager.rb:153:in `spawn_application'
  passenger (2.2.4) lib/phusion_passenger/spawn_manager.rb:286:in `handle_spawn_application'
  passenger (2.2.4) lib/phusion_passenger/abstract_server.rb:351:in `__send__'
  passenger (2.2.4) lib/phusion_passenger/abstract_server.rb:351:in `main_loop'
  passenger (2.2.4) lib/phusion_passenger/abstract_server.rb:195:in `start_synchronously'

Rendering rescues/layout (not_found)
  [4;36;1mSQL (0.1ms)[0m   [0;1mSET NAMES 'utf8'[0m
  [4;35;1mSQL (0.1ms)[0m   [0mSET SQL_AUTO_IS_NULL=0[0m


Processing BookmarksController#show (for 127.0.0.1 at 2009-09-19 14:40:06) [GET]
  Parameters: {"bookmark_name"=>"migration-cheat-sheet", "lang"=>"ruby-on-rails"}
  [4;36;1mLanguage Columns (1.5ms)[0m   [0;1mSHOW FIELDS FROM `languages`[0m
  [4;35;1mLanguage Load (0.1ms)[0m   [0mSELECT * FROM `languages` WHERE (`languages`.`permalink` = 'ruby-on-rails') LIMIT 1[0m
  [4;36;1mBookmark Columns (1.6ms)[0m   [0;1mSHOW FIELDS FROM `bookmarks`[0m
  [4;35;1mBookmark Load (0.1ms)[0m   [0mSELECT * FROM `bookmarks` WHERE (`bookmarks`.`language_id` = 1) AND (`bookmarks`.`permalink` = 'migration-cheat-sheet') LIMIT 1[0m
Rendering template within layouts/bookmarks
Rendering bookmarks/show
  [4;36;1mLanguage Load (0.2ms)[0m   [0;1mSELECT * FROM `languages` ORDER BY name[0m
Rendered languages/_side_nav (2.5ms)
Completed in 26ms (View: 13, DB: 4) | 200 OK [http://org.local/bookmarks/ruby-on-rails/migration-cheat-sheet]
  [4;35;1mSQL (0.1ms)[0m   [0mSET NAMES 'utf8'[0m
  [4;36;1mSQL (0.1ms)[0m   [0;1mSET SQL_AUTO_IS_NULL=0[0m


Processing BookmarksController#show (for 127.0.0.1 at 2009-09-19 14:42:37) [GET]
  Parameters: {"bookmark_name"=>"migration-cheat-sheet", "lang"=>"ruby-on-rails"}
  [4;35;1mLanguage Columns (13.4ms)[0m   [0mSHOW FIELDS FROM `languages`[0m
  [4;36;1mLanguage Load (0.4ms)[0m   [0;1mSELECT * FROM `languages` WHERE (`languages`.`permalink` = 'ruby-on-rails') LIMIT 1[0m
  [4;35;1mBookmark Columns (1.6ms)[0m   [0mSHOW FIELDS FROM `bookmarks`[0m
  [4;36;1mBookmark Load (0.5ms)[0m   [0;1mSELECT * FROM `bookmarks` WHERE (`bookmarks`.`language_id` = 1) AND (`bookmarks`.`permalink` = 'migration-cheat-sheet') LIMIT 1[0m
Rendering template within layouts/bookmarks
Rendering bookmarks/show
  [4;35;1mLanguage Load (0.1ms)[0m   [0mSELECT * FROM `languages` ORDER BY name[0m
Rendered languages/_side_nav (2.7ms)
Completed in 40ms (View: 14, DB: 16) | 200 OK [http://org.local/bookmarks/ruby-on-rails/migration-cheat-sheet]
  [4;36;1mSQL (0.1ms)[0m   [0;1mSET NAMES 'utf8'[0m
  [4;35;1mSQL (0.1ms)[0m   [0mSET SQL_AUTO_IS_NULL=0[0m


Processing BookmarksController#ruby-on-rails to html (for 127.0.0.1 at 2009-09-19 14:42:37) [GET]
  Parameters: {"id"=>"test", "_"=>"1253392957412"}

ActionController::UnknownAction (No action responded to ruby-on-rails. Actions: create, destroy, edit, index, new, per_page, show, and update):
  passenger (2.2.4) lib/phusion_passenger/rack/request_handler.rb:91:in `process_request'
  passenger (2.2.4) lib/phusion_passenger/abstract_request_handler.rb:206:in `main_loop'
  passenger (2.2.4) lib/phusion_passenger/railz/application_spawner.rb:376:in `start_request_handler'
  passenger (2.2.4) lib/phusion_passenger/railz/application_spawner.rb:334:in `handle_spawn_application'
  passenger (2.2.4) lib/phusion_passenger/utils.rb:182:in `safe_fork'
  passenger (2.2.4) lib/phusion_passenger/railz/application_spawner.rb:332:in `handle_spawn_application'
  passenger (2.2.4) lib/phusion_passenger/abstract_server.rb:351:in `__send__'
  passenger (2.2.4) lib/phusion_passenger/abstract_server.rb:351:in `main_loop'
  passenger (2.2.4) lib/phusion_passenger/abstract_server.rb:195:in `start_synchronously'
  passenger (2.2.4) lib/phusion_passenger/abstract_server.rb:162:in `start'
  passenger (2.2.4) lib/phusion_passenger/railz/application_spawner.rb:213:in `start'
  passenger (2.2.4) lib/phusion_passenger/spawn_manager.rb:261:in `spawn_rails_application'
  passenger (2.2.4) lib/phusion_passenger/abstract_server_collection.rb:126:in `lookup_or_add'
  passenger (2.2.4) lib/phusion_passenger/spawn_manager.rb:255:in `spawn_rails_application'
  passenger (2.2.4) lib/phusion_passenger/abstract_server_collection.rb:80:in `synchronize'
  passenger (2.2.4) lib/phusion_passenger/abstract_server_collection.rb:79:in `synchronize'
  passenger (2.2.4) lib/phusion_passenger/spawn_manager.rb:254:in `spawn_rails_application'
  passenger (2.2.4) lib/phusion_passenger/spawn_manager.rb:153:in `spawn_application'
  passenger (2.2.4) lib/phusion_passenger/spawn_manager.rb:286:in `handle_spawn_application'
  passenger (2.2.4) lib/phusion_passenger/abstract_server.rb:351:in `__send__'
  passenger (2.2.4) lib/phusion_passenger/abstract_server.rb:351:in `main_loop'
  passenger (2.2.4) lib/phusion_passenger/abstract_server.rb:195:in `start_synchronously'

Rendering rescues/layout (not_found)
  [4;36;1mSQL (0.1ms)[0m   [0;1mSET NAMES 'utf8'[0m
  [4;35;1mSQL (0.1ms)[0m   [0mSET SQL_AUTO_IS_NULL=0[0m


Processing BookmarksController#show (for 127.0.0.1 at 2009-09-19 14:44:34) [GET]
  Parameters: {"bookmark_name"=>"migration-cheat-sheet", "lang"=>"ruby-on-rails"}
  [4;36;1mLanguage Columns (3.6ms)[0m   [0;1mSHOW FIELDS FROM `languages`[0m
  [4;35;1mLanguage Load (1.3ms)[0m   [0mSELECT * FROM `languages` WHERE (`languages`.`permalink` = 'ruby-on-rails') LIMIT 1[0m
  [4;36;1mBookmark Columns (2.0ms)[0m   [0;1mSHOW FIELDS FROM `bookmarks`[0m
  [4;35;1mBookmark Load (1.9ms)[0m   [0mSELECT * FROM `bookmarks` WHERE (`bookmarks`.`language_id` = 1) AND (`bookmarks`.`permalink` = 'migration-cheat-sheet') LIMIT 1[0m
Rendering template within layouts/bookmarks
Rendering bookmarks/show
  [4;36;1mLanguage Load (0.1ms)[0m   [0;1mSELECT * FROM `languages` ORDER BY name[0m
Rendered languages/_side_nav (2.6ms)
Completed in 38ms (View: 17, DB: 9) | 200 OK [http://org.local/bookmarks/ruby-on-rails/migration-cheat-sheet]
  [4;35;1mSQL (0.1ms)[0m   [0mSET NAMES 'utf8'[0m
  [4;36;1mSQL (0.6ms)[0m   [0;1mSET SQL_AUTO_IS_NULL=0[0m


Processing BookmarksController#show (for 127.0.0.1 at 2009-09-19 14:45:16) [GET]
  Parameters: {"bookmark_name"=>"migration-cheat-sheet", "lang"=>"ruby-on-rails"}
  [4;35;1mLanguage Columns (1.6ms)[0m   [0mSHOW FIELDS FROM `languages`[0m
  [4;36;1mLanguage Load (0.3ms)[0m   [0;1mSELECT * FROM `languages` WHERE (`languages`.`permalink` = 'ruby-on-rails') LIMIT 1[0m
  [4;35;1mBookmark Columns (1.5ms)[0m   [0mSHOW FIELDS FROM `bookmarks`[0m
  [4;36;1mBookmark Load (0.6ms)[0m   [0;1mSELECT * FROM `bookmarks` WHERE (`bookmarks`.`language_id` = 1) AND (`bookmarks`.`permalink` = 'migration-cheat-sheet') LIMIT 1[0m
Rendering template within layouts/bookmarks
Rendering bookmarks/show
  [4;35;1mLanguage Load (0.1ms)[0m   [0mSELECT * FROM `languages` ORDER BY name[0m
Rendered languages/_side_nav (2.5ms)
Completed in 27ms (View: 13, DB: 5) | 200 OK [http://org.local/bookmarks/ruby-on-rails/migration-cheat-sheet]
  [4;36;1mSQL (0.1ms)[0m   [0;1mSET NAMES 'utf8'[0m
  [4;35;1mSQL (0.1ms)[0m   [0mSET SQL_AUTO_IS_NULL=0[0m


Processing BookmarksController#show (for 127.0.0.1 at 2009-09-19 14:45:27) [GET]
  Parameters: {"bookmark_name"=>"migration-cheat-sheet", "lang"=>"ruby-on-rails"}
  [4;36;1mLanguage Columns (1.6ms)[0m   [0;1mSHOW FIELDS FROM `languages`[0m
  [4;35;1mLanguage Load (0.1ms)[0m   [0mSELECT * FROM `languages` WHERE (`languages`.`permalink` = 'ruby-on-rails') LIMIT 1[0m
  [4;36;1mBookmark Columns (1.9ms)[0m   [0;1mSHOW FIELDS FROM `bookmarks`[0m
  [4;35;1mBookmark Load (0.1ms)[0m   [0mSELECT * FROM `bookmarks` WHERE (`bookmarks`.`language_id` = 1) AND (`bookmarks`.`permalink` = 'migration-cheat-sheet') LIMIT 1[0m
Rendering template within layouts/bookmarks
Rendering bookmarks/show
  [4;36;1mLanguage Load (0.1ms)[0m   [0;1mSELECT * FROM `languages` ORDER BY name[0m
Rendered languages/_side_nav (2.6ms)
Completed in 26ms (View: 12, DB: 4) | 200 OK [http://org.local/bookmarks/ruby-on-rails/migration-cheat-sheet]
  [4;35;1mSQL (0.1ms)[0m   [0mSET NAMES 'utf8'[0m
  [4;36;1mSQL (0.2ms)[0m   [0;1mSET SQL_AUTO_IS_NULL=0[0m


Processing BookmarksController#show (for 127.0.0.1 at 2009-09-19 14:45:39) [GET]
  Parameters: {"bookmark_name"=>"migration-cheat-sheet", "lang"=>"ruby-on-rails"}
  [4;35;1mLanguage Columns (1.9ms)[0m   [0mSHOW FIELDS FROM `languages`[0m
  [4;36;1mLanguage Load (0.1ms)[0m   [0;1mSELECT * FROM `languages` WHERE (`languages`.`permalink` = 'ruby-on-rails') LIMIT 1[0m
  [4;35;1mBookmark Columns (1.5ms)[0m   [0mSHOW FIELDS FROM `bookmarks`[0m
  [4;36;1mBookmark Load (0.1ms)[0m   [0;1mSELECT * FROM `bookmarks` WHERE (`bookmarks`.`language_id` = 1) AND (`bookmarks`.`permalink` = 'migration-cheat-sheet') LIMIT 1[0m
Rendering template within layouts/bookmarks
Rendering bookmarks/show
  [4;35;1mLanguage Load (0.1ms)[0m   [0mSELECT * FROM `languages` ORDER BY name[0m
Rendered languages/_side_nav (2.6ms)
Completed in 27ms (View: 12, DB: 4) | 200 OK [http://org.local/bookmarks/ruby-on-rails/migration-cheat-sheet]
  [4;36;1mSQL (0.1ms)[0m   [0;1mSET NAMES 'utf8'[0m
  [4;35;1mSQL (0.1ms)[0m   [0mSET SQL_AUTO_IS_NULL=0[0m


Processing BookmarksController#show (for 127.0.0.1 at 2009-09-19 14:53:16) [GET]
  Parameters: {"bookmark_name"=>"migration-cheat-sheet", "lang"=>"ruby-on-rails"}
  [4;36;1mLanguage Columns (7.8ms)[0m   [0;1mSHOW FIELDS FROM `languages`[0m
  [4;35;1mLanguage Load (0.5ms)[0m   [0mSELECT * FROM `languages` WHERE (`languages`.`permalink` = 'ruby-on-rails') LIMIT 1[0m
  [4;36;1mBookmark Columns (1.8ms)[0m   [0;1mSHOW FIELDS FROM `bookmarks`[0m
  [4;35;1mBookmark Load (0.1ms)[0m   [0mSELECT * FROM `bookmarks` WHERE (`bookmarks`.`language_id` = 1) AND (`bookmarks`.`permalink` = 'migration-cheat-sheet') LIMIT 1[0m
Rendering template within layouts/bookmarks
Rendering bookmarks/show
  [4;36;1mLanguage Load (0.2ms)[0m   [0;1mSELECT * FROM `languages` ORDER BY name[0m
Rendered languages/_side_nav (3.3ms)
Completed in 60ms (View: 38, DB: 11) | 200 OK [http://org.local/bookmarks/ruby-on-rails/migration-cheat-sheet]
  [4;35;1mSQL (0.1ms)[0m   [0mSET NAMES 'utf8'[0m
  [4;36;1mSQL (0.1ms)[0m   [0;1mSET SQL_AUTO_IS_NULL=0[0m


Processing BookmarksController#show (for 127.0.0.1 at 2009-09-19 14:55:01) [GET]
  Parameters: {"bookmark_name"=>"migration-cheat-sheet", "lang"=>"ruby-on-rails"}
  [4;35;1mLanguage Columns (2.3ms)[0m   [0mSHOW FIELDS FROM `languages`[0m
  [4;36;1mLanguage Load (1.3ms)[0m   [0;1mSELECT * FROM `languages` WHERE (`languages`.`permalink` = 'ruby-on-rails') LIMIT 1[0m
  [4;35;1mBookmark Columns (1.5ms)[0m   [0mSHOW FIELDS FROM `bookmarks`[0m
  [4;36;1mBookmark Load (2.2ms)[0m   [0;1mSELECT * FROM `bookmarks` WHERE (`bookmarks`.`language_id` = 1) AND (`bookmarks`.`permalink` = 'migration-cheat-sheet') LIMIT 1[0m
Rendering template within layouts/bookmarks
Rendering bookmarks/show
  [4;35;1mLanguage Load (0.2ms)[0m   [0mSELECT * FROM `languages` ORDER BY name[0m
Rendered languages/_side_nav (3.3ms)
Completed in 27ms (View: 9, DB: 8) | 200 OK [http://org.local/bookmarks/ruby-on-rails/migration-cheat-sheet]
  [4;36;1mSQL (0.1ms)[0m   [0;1mSET NAMES 'utf8'[0m
  [4;35;1mSQL (0.1ms)[0m   [0mSET SQL_AUTO_IS_NULL=0[0m


Processing BookmarksController#show (for 127.0.0.1 at 2009-09-19 14:56:08) [GET]
  Parameters: {"bookmark_name"=>"migration-cheat-sheet", "lang"=>"ruby-on-rails"}
  [4;36;1mLanguage Columns (1.8ms)[0m   [0;1mSHOW FIELDS FROM `languages`[0m
  [4;35;1mLanguage Load (0.3ms)[0m   [0mSELECT * FROM `languages` WHERE (`languages`.`permalink` = 'ruby-on-rails') LIMIT 1[0m
  [4;36;1mBookmark Columns (1.5ms)[0m   [0;1mSHOW FIELDS FROM `bookmarks`[0m
  [4;35;1mBookmark Load (0.2ms)[0m   [0mSELECT * FROM `bookmarks` WHERE (`bookmarks`.`language_id` = 1) AND (`bookmarks`.`permalink` = 'migration-cheat-sheet') LIMIT 1[0m
Rendering template within layouts/bookmarks
Rendering bookmarks/show
  [4;36;1mLanguage Load (0.1ms)[0m   [0;1mSELECT * FROM `languages` ORDER BY name[0m
Rendered languages/_side_nav (2.5ms)
Completed in 22ms (View: 8, DB: 4) | 200 OK [http://org.local/bookmarks/ruby-on-rails/migration-cheat-sheet]
  [4;35;1mSQL (0.1ms)[0m   [0mSET NAMES 'utf8'[0m
  [4;36;1mSQL (0.1ms)[0m   [0;1mSET SQL_AUTO_IS_NULL=0[0m


Processing BookmarksController#show (for 127.0.0.1 at 2009-09-19 14:56:31) [GET]
  Parameters: {"bookmark_name"=>"migration-cheat-sheet", "lang"=>"ruby-on-rails"}
  [4;35;1mLanguage Columns (1.7ms)[0m   [0mSHOW FIELDS FROM `languages`[0m
  [4;36;1mLanguage Load (0.1ms)[0m   [0;1mSELECT * FROM `languages` WHERE (`languages`.`permalink` = 'ruby-on-rails') LIMIT 1[0m
  [4;35;1mBookmark Columns (1.6ms)[0m   [0mSHOW FIELDS FROM `bookmarks`[0m
  [4;36;1mBookmark Load (0.1ms)[0m   [0;1mSELECT * FROM `bookmarks` WHERE (`bookmarks`.`language_id` = 1) AND (`bookmarks`.`permalink` = 'migration-cheat-sheet') LIMIT 1[0m
Rendering template within layouts/bookmarks
Rendering bookmarks/show
  [4;35;1mLanguage Load (0.1ms)[0m   [0mSELECT * FROM `languages` ORDER BY name[0m
Rendered languages/_side_nav (2.7ms)
Completed in 22ms (View: 8, DB: 4) | 200 OK [http://org.local/bookmarks/ruby-on-rails/migration-cheat-sheet]
  [4;36;1mSQL (0.1ms)[0m   [0;1mSET NAMES 'utf8'[0m
  [4;35;1mSQL (0.1ms)[0m   [0mSET SQL_AUTO_IS_NULL=0[0m


Processing BookmarksController#show (for 127.0.0.1 at 2009-09-19 14:59:19) [GET]
  Parameters: {"bookmark_name"=>"migration-cheat-sheet", "lang"=>"ruby-on-rails"}
  [4;36;1mLanguage Columns (1.6ms)[0m   [0;1mSHOW FIELDS FROM `languages`[0m
  [4;35;1mLanguage Load (0.2ms)[0m   [0mSELECT * FROM `languages` WHERE (`languages`.`permalink` = 'ruby-on-rails') LIMIT 1[0m
  [4;36;1mBookmark Columns (1.7ms)[0m   [0;1mSHOW FIELDS FROM `bookmarks`[0m
  [4;35;1mBookmark Load (0.1ms)[0m   [0mSELECT * FROM `bookmarks` WHERE (`bookmarks`.`language_id` = 1) AND (`bookmarks`.`permalink` = 'migration-cheat-sheet') LIMIT 1[0m
Rendering template within layouts/bookmarks
Rendering bookmarks/show
  [4;36;1mLanguage Load (0.1ms)[0m   [0;1mSELECT * FROM `languages` ORDER BY name[0m
Rendered languages/_side_nav (2.8ms)
Completed in 27ms (View: 13, DB: 4) | 200 OK [http://org.local/bookmarks/ruby-on-rails/migration-cheat-sheet]
  [4;35;1mSQL (0.1ms)[0m   [0mSET NAMES 'utf8'[0m
  [4;36;1mSQL (0.1ms)[0m   [0;1mSET SQL_AUTO_IS_NULL=0[0m


Processing BookmarksController#show (for 127.0.0.1 at 2009-09-19 14:59:25) [GET]
  Parameters: {"bookmark_name"=>"migration-cheat-sheet", "lang"=>"ruby-on-rails"}
  [4;35;1mLanguage Columns (1.7ms)[0m   [0mSHOW FIELDS FROM `languages`[0m
  [4;36;1mLanguage Load (0.3ms)[0m   [0;1mSELECT * FROM `languages` WHERE (`languages`.`permalink` = 'ruby-on-rails') LIMIT 1[0m
  [4;35;1mBookmark Columns (1.5ms)[0m   [0mSHOW FIELDS FROM `bookmarks`[0m
  [4;36;1mBookmark Load (0.2ms)[0m   [0;1mSELECT * FROM `bookmarks` WHERE (`bookmarks`.`language_id` = 1) AND (`bookmarks`.`permalink` = 'migration-cheat-sheet') LIMIT 1[0m
Rendering template within layouts/bookmarks
Rendering bookmarks/show
  [4;35;1mLanguage Load (0.1ms)[0m   [0mSELECT * FROM `languages` ORDER BY name[0m
Rendered languages/_side_nav (2.5ms)
Completed in 20ms (View: 7, DB: 4) | 200 OK [http://org.local/bookmarks/ruby-on-rails/migration-cheat-sheet]
  [4;36;1mSQL (0.1ms)[0m   [0;1mSET NAMES 'utf8'[0m
  [4;35;1mSQL (0.6ms)[0m   [0mSET SQL_AUTO_IS_NULL=0[0m


Processing BookmarksController#show (for 127.0.0.1 at 2009-09-19 14:59:37) [GET]
  Parameters: {"bookmark_name"=>"migration-cheat-sheet", "lang"=>"ruby-on-rails"}
  [4;36;1mLanguage Columns (2.1ms)[0m   [0;1mSHOW FIELDS FROM `languages`[0m
  [4;35;1mLanguage Load (0.1ms)[0m   [0mSELECT * FROM `languages` WHERE (`languages`.`permalink` = 'ruby-on-rails') LIMIT 1[0m
  [4;36;1mBookmark Columns (1.6ms)[0m   [0;1mSHOW FIELDS FROM `bookmarks`[0m
  [4;35;1mBookmark Load (0.1ms)[0m   [0mSELECT * FROM `bookmarks` WHERE (`bookmarks`.`language_id` = 1) AND (`bookmarks`.`permalink` = 'migration-cheat-sheet') LIMIT 1[0m
Rendering template within layouts/bookmarks
Rendering bookmarks/show
  [4;36;1mLanguage Load (0.2ms)[0m   [0;1mSELECT * FROM `languages` ORDER BY name[0m
Rendered languages/_side_nav (2.9ms)
Completed in 26ms (View: 12, DB: 5) | 200 OK [http://org.local/bookmarks/ruby-on-rails/migration-cheat-sheet]
  [4;35;1mSQL (0.1ms)[0m   [0mSET NAMES 'utf8'[0m
  [4;36;1mSQL (0.1ms)[0m   [0;1mSET SQL_AUTO_IS_NULL=0[0m


Processing BookmarksController#show (for 127.0.0.1 at 2009-09-19 15:00:33) [GET]
  Parameters: {"bookmark_name"=>"migration-cheat-sheet", "lang"=>"ruby-on-rails"}
  [4;35;1mLanguage Columns (1.7ms)[0m   [0mSHOW FIELDS FROM `languages`[0m
  [4;36;1mLanguage Load (0.2ms)[0m   [0;1mSELECT * FROM `languages` WHERE (`languages`.`permalink` = 'ruby-on-rails') LIMIT 1[0m
  [4;35;1mBookmark Columns (1.6ms)[0m   [0mSHOW FIELDS FROM `bookmarks`[0m
  [4;36;1mBookmark Load (0.1ms)[0m   [0;1mSELECT * FROM `bookmarks` WHERE (`bookmarks`.`language_id` = 1) AND (`bookmarks`.`permalink` = 'migration-cheat-sheet') LIMIT 1[0m
Rendering template within layouts/bookmarks
Rendering bookmarks/show
  [4;35;1mLanguage Load (0.1ms)[0m   [0mSELECT * FROM `languages` ORDER BY name[0m
Rendered languages/_side_nav (2.6ms)
Completed in 27ms (View: 13, DB: 4) | 200 OK [http://org.local/bookmarks/ruby-on-rails/migration-cheat-sheet]
  [4;36;1mSQL (0.1ms)[0m   [0;1mSET NAMES 'utf8'[0m
  [4;35;1mSQL (0.1ms)[0m   [0mSET SQL_AUTO_IS_NULL=0[0m


Processing BookmarksController#show (for 127.0.0.1 at 2009-09-19 15:01:24) [GET]
  Parameters: {"bookmark_name"=>"migration-cheat-sheet", "lang"=>"ruby-on-rails"}
  [4;36;1mLanguage Columns (2.1ms)[0m   [0;1mSHOW FIELDS FROM `languages`[0m
  [4;35;1mLanguage Load (0.2ms)[0m   [0mSELECT * FROM `languages` WHERE (`languages`.`permalink` = 'ruby-on-rails') LIMIT 1[0m
  [4;36;1mBookmark Columns (2.2ms)[0m   [0;1mSHOW FIELDS FROM `bookmarks`[0m
  [4;35;1mBookmark Load (0.1ms)[0m   [0mSELECT * FROM `bookmarks` WHERE (`bookmarks`.`language_id` = 1) AND (`bookmarks`.`permalink` = 'migration-cheat-sheet') LIMIT 1[0m
Rendering template within layouts/bookmarks
Rendering bookmarks/show
  [4;36;1mLanguage Load (0.1ms)[0m   [0;1mSELECT * FROM `languages` ORDER BY name[0m
Rendered languages/_side_nav (2.8ms)
Completed in 26ms (View: 12, DB: 5) | 200 OK [http://org.local/bookmarks/ruby-on-rails/migration-cheat-sheet]
  [4;35;1mSQL (0.1ms)[0m   [0mSET NAMES 'utf8'[0m
  [4;36;1mSQL (0.1ms)[0m   [0;1mSET SQL_AUTO_IS_NULL=0[0m


Processing BookmarksController#show (for 127.0.0.1 at 2009-09-19 15:02:42) [GET]
  Parameters: {"bookmark_name"=>"migration-cheat-sheet", "lang"=>"ruby-on-rails"}
  [4;35;1mLanguage Columns (1.6ms)[0m   [0mSHOW FIELDS FROM `languages`[0m
  [4;36;1mLanguage Load (0.5ms)[0m   [0;1mSELECT * FROM `languages` WHERE (`languages`.`permalink` = 'ruby-on-rails') LIMIT 1[0m
  [4;35;1mBookmark Columns (1.5ms)[0m   [0mSHOW FIELDS FROM `bookmarks`[0m
  [4;36;1mBookmark Load (0.4ms)[0m   [0;1mSELECT * FROM `bookmarks` WHERE (`bookmarks`.`language_id` = 1) AND (`bookmarks`.`permalink` = 'migration-cheat-sheet') LIMIT 1[0m
Rendering template within layouts/bookmarks
Rendering bookmarks/show
  [4;35;1mLanguage Load (0.1ms)[0m   [0mSELECT * FROM `languages` ORDER BY name[0m
Rendered languages/_side_nav (2.6ms)
Completed in 25ms (View: 11, DB: 4) | 200 OK [http://org.local/bookmarks/ruby-on-rails/migration-cheat-sheet]
  [4;36;1mSQL (0.1ms)[0m   [0;1mSET NAMES 'utf8'[0m
  [4;35;1mSQL (0.1ms)[0m   [0mSET SQL_AUTO_IS_NULL=0[0m


Processing BookmarksController#show (for 127.0.0.1 at 2009-09-19 15:02:55) [GET]
  Parameters: {"bookmark_name"=>"migration-cheat-sheet", "lang"=>"ruby-on-rails"}
  [4;36;1mLanguage Columns (1.6ms)[0m   [0;1mSHOW FIELDS FROM `languages`[0m
  [4;35;1mLanguage Load (0.4ms)[0m   [0mSELECT * FROM `languages` WHERE (`languages`.`permalink` = 'ruby-on-rails') LIMIT 1[0m
  [4;36;1mBookmark Columns (1.6ms)[0m   [0;1mSHOW FIELDS FROM `bookmarks`[0m
  [4;35;1mBookmark Load (0.1ms)[0m   [0mSELECT * FROM `bookmarks` WHERE (`bookmarks`.`language_id` = 1) AND (`bookmarks`.`permalink` = 'migration-cheat-sheet') LIMIT 1[0m
Rendering template within layouts/bookmarks
Rendering bookmarks/show
  [4;36;1mLanguage Load (1.0ms)[0m   [0;1mSELECT * FROM `languages` ORDER BY name[0m
Rendered languages/_side_nav (4.1ms)
Completed in 159ms (View: 144, DB: 5) | 200 OK [http://org.local/bookmarks/ruby-on-rails/migration-cheat-sheet]
  [4;35;1mSQL (0.1ms)[0m   [0mSET NAMES 'utf8'[0m
  [4;36;1mSQL (0.1ms)[0m   [0;1mSET SQL_AUTO_IS_NULL=0[0m


Processing BookmarksController#show (for 127.0.0.1 at 2009-09-19 15:02:59) [GET]
  Parameters: {"bookmark_name"=>"migration-cheat-sheet", "lang"=>"ruby-on-rails"}
  [4;35;1mLanguage Columns (1.6ms)[0m   [0mSHOW FIELDS FROM `languages`[0m
  [4;36;1mLanguage Load (0.2ms)[0m   [0;1mSELECT * FROM `languages` WHERE (`languages`.`permalink` = 'ruby-on-rails') LIMIT 1[0m
  [4;35;1mBookmark Columns (1.5ms)[0m   [0mSHOW FIELDS FROM `bookmarks`[0m
  [4;36;1mBookmark Load (0.1ms)[0m   [0;1mSELECT * FROM `bookmarks` WHERE (`bookmarks`.`language_id` = 1) AND (`bookmarks`.`permalink` = 'migration-cheat-sheet') LIMIT 1[0m
Rendering template within layouts/bookmarks
Rendering bookmarks/show
  [4;35;1mLanguage Load (0.1ms)[0m   [0mSELECT * FROM `languages` ORDER BY name[0m
Rendered languages/_side_nav (2.6ms)
Completed in 26ms (View: 12, DB: 4) | 200 OK [http://org.local/bookmarks/ruby-on-rails/migration-cheat-sheet]
  [4;36;1mSQL (0.1ms)[0m   [0;1mSET NAMES 'utf8'[0m
  [4;35;1mSQL (0.1ms)[0m   [0mSET SQL_AUTO_IS_NULL=0[0m


Processing BookmarksController#show (for 127.0.0.1 at 2009-09-19 15:03:03) [GET]
  Parameters: {"bookmark_name"=>"migration-cheat-sheet", "lang"=>"ruby-on-rails"}
  [4;36;1mLanguage Columns (1.7ms)[0m   [0;1mSHOW FIELDS FROM `languages`[0m
  [4;35;1mLanguage Load (0.1ms)[0m   [0mSELECT * FROM `languages` WHERE (`languages`.`permalink` = 'ruby-on-rails') LIMIT 1[0m
  [4;36;1mBookmark Columns (1.7ms)[0m   [0;1mSHOW FIELDS FROM `bookmarks`[0m
  [4;35;1mBookmark Load (0.1ms)[0m   [0mSELECT * FROM `bookmarks` WHERE (`bookmarks`.`language_id` = 1) AND (`bookmarks`.`permalink` = 'migration-cheat-sheet') LIMIT 1[0m
Rendering template within layouts/bookmarks
Rendering bookmarks/show
  [4;36;1mLanguage Load (0.1ms)[0m   [0;1mSELECT * FROM `languages` ORDER BY name[0m
Rendered languages/_side_nav (2.6ms)
Completed in 27ms (View: 12, DB: 4) | 200 OK [http://org.local/bookmarks/ruby-on-rails/migration-cheat-sheet]
  [4;35;1mSQL (0.1ms)[0m   [0mSET NAMES 'utf8'[0m
  [4;36;1mSQL (0.6ms)[0m   [0;1mSET SQL_AUTO_IS_NULL=0[0m


Processing BookmarksController#show (for 127.0.0.1 at 2009-09-19 15:03:18) [GET]
  Parameters: {"bookmark_name"=>"migration-cheat-sheet", "lang"=>"ruby-on-rails"}
  [4;35;1mLanguage Columns (1.6ms)[0m   [0mSHOW FIELDS FROM `languages`[0m
  [4;36;1mLanguage Load (0.2ms)[0m   [0;1mSELECT * FROM `languages` WHERE (`languages`.`permalink` = 'ruby-on-rails') LIMIT 1[0m
  [4;35;1mBookmark Columns (1.5ms)[0m   [0mSHOW FIELDS FROM `bookmarks`[0m
  [4;36;1mBookmark Load (0.4ms)[0m   [0;1mSELECT * FROM `bookmarks` WHERE (`bookmarks`.`language_id` = 1) AND (`bookmarks`.`permalink` = 'migration-cheat-sheet') LIMIT 1[0m
Rendering template within layouts/bookmarks
Rendering bookmarks/show
  [4;35;1mLanguage Load (0.1ms)[0m   [0mSELECT * FROM `languages` ORDER BY name[0m
Rendered languages/_side_nav (2.6ms)
Completed in 25ms (View: 11, DB: 5) | 200 OK [http://org.local/bookmarks/ruby-on-rails/migration-cheat-sheet]
  [4;36;1mSQL (0.1ms)[0m   [0;1mSET NAMES 'utf8'[0m
  [4;35;1mSQL (0.1ms)[0m   [0mSET SQL_AUTO_IS_NULL=0[0m


Processing BookmarksController#show (for 127.0.0.1 at 2009-09-19 15:04:03) [GET]
  Parameters: {"bookmark_name"=>"migration-cheat-sheet", "lang"=>"ruby-on-rails"}
  [4;36;1mLanguage Columns (1.8ms)[0m   [0;1mSHOW FIELDS FROM `languages`[0m
  [4;35;1mLanguage Load (0.1ms)[0m   [0mSELECT * FROM `languages` WHERE (`languages`.`permalink` = 'ruby-on-rails') LIMIT 1[0m
  [4;36;1mBookmark Columns (1.7ms)[0m   [0;1mSHOW FIELDS FROM `bookmarks`[0m
  [4;35;1mBookmark Load (0.1ms)[0m   [0mSELECT * FROM `bookmarks` WHERE (`bookmarks`.`language_id` = 1) AND (`bookmarks`.`permalink` = 'migration-cheat-sheet') LIMIT 1[0m
Rendering template within layouts/bookmarks
Rendering bookmarks/show
  [4;36;1mLanguage Load (0.1ms)[0m   [0;1mSELECT * FROM `languages` ORDER BY name[0m
Rendered languages/_side_nav (2.8ms)
Completed in 104ms (View: 12, DB: 4) | 200 OK [http://org.local/bookmarks/ruby-on-rails/migration-cheat-sheet]
  [4;35;1mSQL (0.3ms)[0m   [0mSET NAMES 'utf8'[0m
  [4;36;1mSQL (0.1ms)[0m   [0;1mSET SQL_AUTO_IS_NULL=0[0m


Processing BookmarksController#show (for 127.0.0.1 at 2009-09-19 15:04:24) [GET]
  Parameters: {"bookmark_name"=>"migration-cheat-sheet", "lang"=>"ruby-on-rails"}
  [4;35;1mLanguage Columns (1.7ms)[0m   [0mSHOW FIELDS FROM `languages`[0m
  [4;36;1mLanguage Load (0.2ms)[0m   [0;1mSELECT * FROM `languages` WHERE (`languages`.`permalink` = 'ruby-on-rails') LIMIT 1[0m
  [4;35;1mBookmark Columns (1.4ms)[0m   [0mSHOW FIELDS FROM `bookmarks`[0m
  [4;36;1mBookmark Load (0.1ms)[0m   [0;1mSELECT * FROM `bookmarks` WHERE (`bookmarks`.`language_id` = 1) AND (`bookmarks`.`permalink` = 'migration-cheat-sheet') LIMIT 1[0m
Rendering template within layouts/bookmarks
Rendering bookmarks/show
  [4;35;1mLanguage Load (0.1ms)[0m   [0mSELECT * FROM `languages` ORDER BY name[0m
Rendered languages/_side_nav (2.8ms)
Completed in 26ms (View: 12, DB: 4) | 200 OK [http://org.local/bookmarks/ruby-on-rails/migration-cheat-sheet]
  [4;36;1mSQL (0.2ms)[0m   [0;1mSET NAMES 'utf8'[0m
  [4;35;1mSQL (0.1ms)[0m   [0mSET SQL_AUTO_IS_NULL=0[0m


Processing BookmarksController#show (for 127.0.0.1 at 2009-09-19 15:04:53) [GET]
  Parameters: {"bookmark_name"=>"migration-cheat-sheet", "lang"=>"ruby-on-rails"}
  [4;36;1mLanguage Columns (1.6ms)[0m   [0;1mSHOW FIELDS FROM `languages`[0m
  [4;35;1mLanguage Load (0.1ms)[0m   [0mSELECT * FROM `languages` WHERE (`languages`.`permalink` = 'ruby-on-rails') LIMIT 1[0m
  [4;36;1mBookmark Columns (1.6ms)[0m   [0;1mSHOW FIELDS FROM `bookmarks`[0m
  [4;35;1mBookmark Load (1.6ms)[0m   [0mSELECT * FROM `bookmarks` WHERE (`bookmarks`.`language_id` = 1) AND (`bookmarks`.`permalink` = 'migration-cheat-sheet') LIMIT 1[0m
Rendering template within layouts/bookmarks
Rendering bookmarks/show
  [4;36;1mLanguage Load (0.2ms)[0m   [0;1mSELECT * FROM `languages` ORDER BY name[0m
Rendered languages/_side_nav (2.5ms)
Completed in 27ms (View: 12, DB: 5) | 200 OK [http://org.local/bookmarks/ruby-on-rails/migration-cheat-sheet]
  [4;35;1mSQL (0.2ms)[0m   [0mSET NAMES 'utf8'[0m
  [4;36;1mSQL (0.1ms)[0m   [0;1mSET SQL_AUTO_IS_NULL=0[0m


Processing BookmarksController#show (for 127.0.0.1 at 2009-09-19 15:05:00) [GET]
  Parameters: {"bookmark_name"=>"migration-cheat-sheet", "lang"=>"ruby-on-rails"}
  [4;35;1mLanguage Columns (1.7ms)[0m   [0mSHOW FIELDS FROM `languages`[0m
  [4;36;1mLanguage Load (0.1ms)[0m   [0;1mSELECT * FROM `languages` WHERE (`languages`.`permalink` = 'ruby-on-rails') LIMIT 1[0m
  [4;35;1mBookmark Columns (1.5ms)[0m   [0mSHOW FIELDS FROM `bookmarks`[0m
  [4;36;1mBookmark Load (0.2ms)[0m   [0;1mSELECT * FROM `bookmarks` WHERE (`bookmarks`.`language_id` = 1) AND (`bookmarks`.`permalink` = 'migration-cheat-sheet') LIMIT 1[0m
Rendering template within layouts/bookmarks
Rendering bookmarks/show
  [4;35;1mLanguage Load (0.2ms)[0m   [0mSELECT * FROM `languages` ORDER BY name[0m
Rendered languages/_side_nav (2.8ms)
Completed in 25ms (View: 11, DB: 4) | 200 OK [http://org.local/bookmarks/ruby-on-rails/migration-cheat-sheet]
  [4;36;1mSQL (0.1ms)[0m   [0;1mSET NAMES 'utf8'[0m
  [4;35;1mSQL (0.1ms)[0m   [0mSET SQL_AUTO_IS_NULL=0[0m


Processing BookmarksController#show (for 127.0.0.1 at 2009-09-19 15:05:59) [GET]
  Parameters: {"bookmark_name"=>"migration-cheat-sheet", "lang"=>"ruby-on-rails"}
  [4;36;1mLanguage Columns (1.7ms)[0m   [0;1mSHOW FIELDS FROM `languages`[0m
  [4;35;1mLanguage Load (1.9ms)[0m   [0mSELECT * FROM `languages` WHERE (`languages`.`permalink` = 'ruby-on-rails') LIMIT 1[0m
  [4;36;1mBookmark Columns (1.6ms)[0m   [0;1mSHOW FIELDS FROM `bookmarks`[0m
  [4;35;1mBookmark Load (0.9ms)[0m   [0mSELECT * FROM `bookmarks` WHERE (`bookmarks`.`language_id` = 1) AND (`bookmarks`.`permalink` = 'migration-cheat-sheet') LIMIT 1[0m
Rendering template within layouts/bookmarks
Rendering bookmarks/show
  [4;36;1mLanguage Load (0.3ms)[0m   [0;1mSELECT * FROM `languages` ORDER BY name[0m
Rendered languages/_side_nav (3.0ms)
Completed in 29ms (View: 12, DB: 7) | 200 OK [http://org.local/bookmarks/ruby-on-rails/migration-cheat-sheet]
  [4;35;1mSQL (0.1ms)[0m   [0mSET NAMES 'utf8'[0m
  [4;36;1mSQL (0.1ms)[0m   [0;1mSET SQL_AUTO_IS_NULL=0[0m


Processing BookmarksController#show (for 127.0.0.1 at 2009-09-19 15:06:17) [GET]
  Parameters: {"bookmark_name"=>"migration-cheat-sheet", "lang"=>"ruby-on-rails"}
  [4;35;1mLanguage Columns (1.6ms)[0m   [0mSHOW FIELDS FROM `languages`[0m
  [4;36;1mLanguage Load (0.2ms)[0m   [0;1mSELECT * FROM `languages` WHERE (`languages`.`permalink` = 'ruby-on-rails') LIMIT 1[0m
  [4;35;1mBookmark Columns (2.1ms)[0m   [0mSHOW FIELDS FROM `bookmarks`[0m
  [4;36;1mBookmark Load (2.7ms)[0m   [0;1mSELECT * FROM `bookmarks` WHERE (`bookmarks`.`language_id` = 1) AND (`bookmarks`.`permalink` = 'migration-cheat-sheet') LIMIT 1[0m
Rendering template within layouts/bookmarks
Rendering bookmarks/show
  [4;35;1mLanguage Load (0.2ms)[0m   [0mSELECT * FROM `languages` ORDER BY name[0m
Rendered languages/_side_nav (7.1ms)
Completed in 39ms (View: 18, DB: 7) | 200 OK [http://org.local/bookmarks/ruby-on-rails/migration-cheat-sheet]
  [4;36;1mSQL (0.1ms)[0m   [0;1mSET NAMES 'utf8'[0m
  [4;35;1mSQL (0.1ms)[0m   [0mSET SQL_AUTO_IS_NULL=0[0m


Processing BookmarksController#show (for 127.0.0.1 at 2009-09-19 15:06:47) [GET]
  Parameters: {"bookmark_name"=>"migration-cheat-sheet", "lang"=>"ruby-on-rails"}
  [4;36;1mLanguage Columns (2.1ms)[0m   [0;1mSHOW FIELDS FROM `languages`[0m
  [4;35;1mLanguage Load (0.9ms)[0m   [0mSELECT * FROM `languages` WHERE (`languages`.`permalink` = 'ruby-on-rails') LIMIT 1[0m
  [4;36;1mBookmark Columns (2.1ms)[0m   [0;1mSHOW FIELDS FROM `bookmarks`[0m
  [4;35;1mBookmark Load (0.1ms)[0m   [0mSELECT * FROM `bookmarks` WHERE (`bookmarks`.`language_id` = 1) AND (`bookmarks`.`permalink` = 'migration-cheat-sheet') LIMIT 1[0m
Rendering template within layouts/bookmarks
Rendering bookmarks/show
  [4;36;1mLanguage Load (0.1ms)[0m   [0;1mSELECT * FROM `languages` ORDER BY name[0m
Rendered languages/_side_nav (2.6ms)
Completed in 31ms (View: 11, DB: 6) | 200 OK [http://org.local/bookmarks/ruby-on-rails/migration-cheat-sheet]
  [4;35;1mSQL (0.2ms)[0m   [0mSET NAMES 'utf8'[0m
  [4;36;1mSQL (0.1ms)[0m   [0;1mSET SQL_AUTO_IS_NULL=0[0m


Processing BookmarksController#show (for 127.0.0.1 at 2009-09-19 15:07:12) [GET]
  Parameters: {"bookmark_name"=>"migration-cheat-sheet", "lang"=>"ruby-on-rails"}
  [4;35;1mLanguage Columns (1.6ms)[0m   [0mSHOW FIELDS FROM `languages`[0m
  [4;36;1mLanguage Load (0.4ms)[0m   [0;1mSELECT * FROM `languages` WHERE (`languages`.`permalink` = 'ruby-on-rails') LIMIT 1[0m
  [4;35;1mBookmark Columns (1.4ms)[0m   [0mSHOW FIELDS FROM `bookmarks`[0m
  [4;36;1mBookmark Load (0.1ms)[0m   [0;1mSELECT * FROM `bookmarks` WHERE (`bookmarks`.`language_id` = 1) AND (`bookmarks`.`permalink` = 'migration-cheat-sheet') LIMIT 1[0m
Rendering template within layouts/bookmarks
Rendering bookmarks/show
  [4;35;1mLanguage Load (0.2ms)[0m   [0mSELECT * FROM `languages` ORDER BY name[0m
Rendered languages/_side_nav (2.8ms)
Completed in 101ms (View: 87, DB: 4) | 200 OK [http://org.local/bookmarks/ruby-on-rails/migration-cheat-sheet]
  [4;36;1mSQL (0.1ms)[0m   [0;1mSET NAMES 'utf8'[0m
  [4;35;1mSQL (0.1ms)[0m   [0mSET SQL_AUTO_IS_NULL=0[0m


Processing BookmarksController#show (for 127.0.0.1 at 2009-09-19 17:20:09) [GET]
  Parameters: {"bookmark_name"=>"migration-cheat-sheet", "lang"=>"ruby-on-rails"}
  [4;36;1mLanguage Columns (15.2ms)[0m   [0;1mSHOW FIELDS FROM `languages`[0m
  [4;35;1mLanguage Load (0.5ms)[0m   [0mSELECT * FROM `languages` WHERE (`languages`.`permalink` = 'ruby-on-rails') LIMIT 1[0m
  [4;36;1mBookmark Columns (1.6ms)[0m   [0;1mSHOW FIELDS FROM `bookmarks`[0m
  [4;35;1mBookmark Load (0.2ms)[0m   [0mSELECT * FROM `bookmarks` WHERE (`bookmarks`.`language_id` = 1) AND (`bookmarks`.`permalink` = 'migration-cheat-sheet') LIMIT 1[0m
Rendering template within layouts/bookmarks
Rendering bookmarks/show
  [4;36;1mLanguage Load (0.2ms)[0m   [0;1mSELECT * FROM `languages` ORDER BY name[0m
Rendered languages/_side_nav (2.8ms)
Completed in 40ms (View: 12, DB: 18) | 200 OK [http://org.local/bookmarks/ruby-on-rails/migration-cheat-sheet]
  [4;35;1mSQL (0.1ms)[0m   [0mSET NAMES 'utf8'[0m
  [4;36;1mSQL (0.1ms)[0m   [0;1mSET SQL_AUTO_IS_NULL=0[0m


Processing BookmarksController#show (for 127.0.0.1 at 2009-09-19 17:22:53) [GET]
  Parameters: {"bookmark_name"=>"migration-cheat-sheet", "lang"=>"ruby-on-rails"}
  [4;35;1mLanguage Columns (1.8ms)[0m   [0mSHOW FIELDS FROM `languages`[0m
  [4;36;1mLanguage Load (0.1ms)[0m   [0;1mSELECT * FROM `languages` WHERE (`languages`.`permalink` = 'ruby-on-rails') LIMIT 1[0m
  [4;35;1mBookmark Columns (1.5ms)[0m   [0mSHOW FIELDS FROM `bookmarks`[0m
  [4;36;1mBookmark Load (0.1ms)[0m   [0;1mSELECT * FROM `bookmarks` WHERE (`bookmarks`.`language_id` = 1) AND (`bookmarks`.`permalink` = 'migration-cheat-sheet') LIMIT 1[0m
Rendering template within layouts/bookmarks
Rendering bookmarks/show
  [4;35;1mLanguage Load (0.1ms)[0m   [0mSELECT * FROM `languages` ORDER BY name[0m
Rendered languages/_side_nav (2.9ms)
Completed in 24ms (View: 9, DB: 4) | 200 OK [http://org.local/bookmarks/ruby-on-rails/migration-cheat-sheet]
  [4;36;1mSQL (0.1ms)[0m   [0;1mSET NAMES 'utf8'[0m
  [4;35;1mSQL (0.2ms)[0m   [0mSET SQL_AUTO_IS_NULL=0[0m


Processing BookmarksController#show (for 127.0.0.1 at 2009-09-19 17:22:59) [GET]
  Parameters: {"bookmark_name"=>"migration-cheat-sheet", "lang"=>"ruby-on-rails"}
  [4;36;1mLanguage Columns (1.6ms)[0m   [0;1mSHOW FIELDS FROM `languages`[0m
  [4;35;1mLanguage Load (0.5ms)[0m   [0mSELECT * FROM `languages` WHERE (`languages`.`permalink` = 'ruby-on-rails') LIMIT 1[0m
  [4;36;1mBookmark Columns (1.5ms)[0m   [0;1mSHOW FIELDS FROM `bookmarks`[0m
  [4;35;1mBookmark Load (0.4ms)[0m   [0mSELECT * FROM `bookmarks` WHERE (`bookmarks`.`language_id` = 1) AND (`bookmarks`.`permalink` = 'migration-cheat-sheet') LIMIT 1[0m
Rendering template within layouts/bookmarks
Rendering bookmarks/show
  [4;36;1mLanguage Load (0.1ms)[0m   [0;1mSELECT * FROM `languages` ORDER BY name[0m
Rendered languages/_side_nav (2.4ms)
Completed in 21ms (View: 7, DB: 4) | 200 OK [http://org.local/bookmarks/ruby-on-rails/migration-cheat-sheet]
  [4;35;1mSQL (0.1ms)[0m   [0mSET NAMES 'utf8'[0m
  [4;36;1mSQL (1.0ms)[0m   [0;1mSET SQL_AUTO_IS_NULL=0[0m


Processing ApplicationController#index (for 127.0.0.1 at 2009-09-19 17:22:59) [GET]

ActionController::RoutingError (No route matches "/stylesheets/corporate/standard.css" with {:method=>:get}):
  passenger (2.2.4) lib/phusion_passenger/rack/request_handler.rb:91:in `process_request'
  passenger (2.2.4) lib/phusion_passenger/abstract_request_handler.rb:206:in `main_loop'
  passenger (2.2.4) lib/phusion_passenger/railz/application_spawner.rb:376:in `start_request_handler'
  passenger (2.2.4) lib/phusion_passenger/railz/application_spawner.rb:334:in `handle_spawn_application'
  passenger (2.2.4) lib/phusion_passenger/utils.rb:182:in `safe_fork'
  passenger (2.2.4) lib/phusion_passenger/railz/application_spawner.rb:332:in `handle_spawn_application'
  passenger (2.2.4) lib/phusion_passenger/abstract_server.rb:351:in `__send__'
  passenger (2.2.4) lib/phusion_passenger/abstract_server.rb:351:in `main_loop'
  passenger (2.2.4) lib/phusion_passenger/abstract_server.rb:195:in `start_synchronously'
  passenger (2.2.4) lib/phusion_passenger/abstract_server.rb:162:in `start'
  passenger (2.2.4) lib/phusion_passenger/railz/application_spawner.rb:213:in `start'
  passenger (2.2.4) lib/phusion_passenger/spawn_manager.rb:261:in `spawn_rails_application'
  passenger (2.2.4) lib/phusion_passenger/abstract_server_collection.rb:126:in `lookup_or_add'
  passenger (2.2.4) lib/phusion_passenger/spawn_manager.rb:255:in `spawn_rails_application'
  passenger (2.2.4) lib/phusion_passenger/abstract_server_collection.rb:80:in `synchronize'
  passenger (2.2.4) lib/phusion_passenger/abstract_server_collection.rb:79:in `synchronize'
  passenger (2.2.4) lib/phusion_passenger/spawn_manager.rb:254:in `spawn_rails_application'
  passenger (2.2.4) lib/phusion_passenger/spawn_manager.rb:153:in `spawn_application'
  passenger (2.2.4) lib/phusion_passenger/spawn_manager.rb:286:in `handle_spawn_application'
  passenger (2.2.4) lib/phusion_passenger/abstract_server.rb:351:in `__send__'
  passenger (2.2.4) lib/phusion_passenger/abstract_server.rb:351:in `main_loop'
  passenger (2.2.4) lib/phusion_passenger/abstract_server.rb:195:in `start_synchronously'

Rendering rescues/layout (not_found)
  [4;35;1mSQL (0.1ms)[0m   [0mSET NAMES 'utf8'[0m
  [4;36;1mSQL (0.1ms)[0m   [0;1mSET SQL_AUTO_IS_NULL=0[0m


Processing BookmarksController#show (for 127.0.0.1 at 2009-09-19 17:23:10) [GET]
  Parameters: {"bookmark_name"=>"migration-cheat-sheet", "lang"=>"ruby-on-rails"}
  [4;35;1mLanguage Columns (10.1ms)[0m   [0mSHOW FIELDS FROM `languages`[0m
  [4;36;1mLanguage Load (0.1ms)[0m   [0;1mSELECT * FROM `languages` WHERE (`languages`.`permalink` = 'ruby-on-rails') LIMIT 1[0m
  [4;35;1mBookmark Columns (1.7ms)[0m   [0mSHOW FIELDS FROM `bookmarks`[0m
  [4;36;1mBookmark Load (0.1ms)[0m   [0;1mSELECT * FROM `bookmarks` WHERE (`bookmarks`.`language_id` = 1) AND (`bookmarks`.`permalink` = 'migration-cheat-sheet') LIMIT 1[0m
Rendering template within layouts/bookmarks
Rendering bookmarks/show
  [4;35;1mLanguage Load (0.1ms)[0m   [0mSELECT * FROM `languages` ORDER BY name[0m
Rendered languages/_side_nav (2.6ms)
Completed in 31ms (View: 7, DB: 12) | 200 OK [http://org.local/bookmarks/ruby-on-rails/migration-cheat-sheet]
  [4;36;1mSQL (0.1ms)[0m   [0;1mSET NAMES 'utf8'[0m
  [4;35;1mSQL (0.2ms)[0m   [0mSET SQL_AUTO_IS_NULL=0[0m


Processing BookmarksController#show (for 127.0.0.1 at 2009-09-19 17:23:18) [GET]
  Parameters: {"bookmark_name"=>"migration-cheat-sheet", "lang"=>"ruby-on-rails"}
  [4;36;1mLanguage Columns (1.7ms)[0m   [0;1mSHOW FIELDS FROM `languages`[0m
  [4;35;1mLanguage Load (0.5ms)[0m   [0mSELECT * FROM `languages` WHERE (`languages`.`permalink` = 'ruby-on-rails') LIMIT 1[0m
  [4;36;1mBookmark Columns (1.6ms)[0m   [0;1mSHOW FIELDS FROM `bookmarks`[0m
  [4;35;1mBookmark Load (0.1ms)[0m   [0mSELECT * FROM `bookmarks` WHERE (`bookmarks`.`language_id` = 1) AND (`bookmarks`.`permalink` = 'migration-cheat-sheet') LIMIT 1[0m
Rendering template within layouts/bookmarks
Rendering bookmarks/show
  [4;36;1mLanguage Load (0.1ms)[0m   [0;1mSELECT * FROM `languages` ORDER BY name[0m
Rendered languages/_side_nav (2.6ms)
Completed in 22ms (View: 8, DB: 4) | 200 OK [http://org.local/bookmarks/ruby-on-rails/migration-cheat-sheet]
  [4;35;1mSQL (0.1ms)[0m   [0mSET NAMES 'utf8'[0m
  [4;36;1mSQL (0.1ms)[0m   [0;1mSET SQL_AUTO_IS_NULL=0[0m


Processing BookmarksController#show (for 127.0.0.1 at 2009-09-19 17:23:25) [GET]
  Parameters: {"bookmark_name"=>"migration-cheat-sheet", "lang"=>"ruby-on-rails"}
  [4;35;1mLanguage Columns (1.7ms)[0m   [0mSHOW FIELDS FROM `languages`[0m
  [4;36;1mLanguage Load (0.2ms)[0m   [0;1mSELECT * FROM `languages` WHERE (`languages`.`permalink` = 'ruby-on-rails') LIMIT 1[0m
  [4;35;1mBookmark Columns (1.7ms)[0m   [0mSHOW FIELDS FROM `bookmarks`[0m
  [4;36;1mBookmark Load (0.1ms)[0m   [0;1mSELECT * FROM `bookmarks` WHERE (`bookmarks`.`language_id` = 1) AND (`bookmarks`.`permalink` = 'migration-cheat-sheet') LIMIT 1[0m
Rendering template within layouts/bookmarks
Rendering bookmarks/show
  [4;35;1mLanguage Load (0.1ms)[0m   [0mSELECT * FROM `languages` ORDER BY name[0m
Rendered languages/_side_nav (2.6ms)
Completed in 21ms (View: 8, DB: 4) | 200 OK [http://org.local/bookmarks/ruby-on-rails/migration-cheat-sheet]
  [4;36;1mSQL (0.1ms)[0m   [0;1mSET NAMES 'utf8'[0m
  [4;35;1mSQL (0.1ms)[0m   [0mSET SQL_AUTO_IS_NULL=0[0m


Processing BookmarksController#index (for 127.0.0.1 at 2009-09-19 17:24:33) [GET]
  [4;36;1mBookmark Load (0.2ms)[0m   [0;1mSELECT * FROM `bookmarks` LIMIT 0, 60[0m
Rendering template within layouts/bookmarks
Rendering bookmarks/index
  [4;35;1mBookmark Columns (1.7ms)[0m   [0mSHOW FIELDS FROM `bookmarks`[0m
  [4;36;1mLanguage Columns (1.5ms)[0m   [0;1mSHOW FIELDS FROM `languages`[0m
  [4;35;1mLanguage Load (0.8ms)[0m   [0mSELECT * FROM `languages` WHERE (`languages`.`id` = 1) [0m
  [4;36;1mLanguage Load (0.1ms)[0m   [0;1mSELECT * FROM `languages` ORDER BY name[0m
Rendered languages/_side_nav (1.8ms)
Completed in 21ms (View: 12, DB: 5) | 200 OK [http://org.local/bookmarks]
  [4;35;1mSQL (0.1ms)[0m   [0mSET NAMES 'utf8'[0m
  [4;36;1mSQL (0.2ms)[0m   [0;1mSET SQL_AUTO_IS_NULL=0[0m


Processing BookmarksController#index (for 127.0.0.1 at 2009-09-19 17:30:27) [GET]
  [4;35;1mBookmark Load (0.2ms)[0m   [0mSELECT * FROM `bookmarks` LIMIT 0, 60[0m
Rendering template within layouts/bookmarks
Rendering bookmarks/index
  [4;36;1mBookmark Columns (1.8ms)[0m   [0;1mSHOW FIELDS FROM `bookmarks`[0m
  [4;35;1mLanguage Columns (1.6ms)[0m   [0mSHOW FIELDS FROM `languages`[0m
  [4;36;1mLanguage Load (0.5ms)[0m   [0;1mSELECT * FROM `languages` WHERE (`languages`.`id` = 1) [0m
  [4;35;1mLanguage Load (0.2ms)[0m   [0mSELECT * FROM `languages` ORDER BY name[0m
Rendered languages/_side_nav (2.2ms)
Completed in 101ms (View: 14, DB: 5) | 200 OK [http://org.local/bookmarks]
  [4;36;1mSQL (0.1ms)[0m   [0;1mSET NAMES 'utf8'[0m
  [4;35;1mSQL (0.1ms)[0m   [0mSET SQL_AUTO_IS_NULL=0[0m


Processing BookmarksController#index (for 127.0.0.1 at 2009-09-19 17:30:56) [GET]
  [4;36;1mBookmark Load (0.2ms)[0m   [0;1mSELECT * FROM `bookmarks` LIMIT 0, 60[0m
Rendering template within layouts/bookmarks
Rendering bookmarks/index
  [4;35;1mBookmark Columns (1.8ms)[0m   [0mSHOW FIELDS FROM `bookmarks`[0m
  [4;36;1mLanguage Columns (1.5ms)[0m   [0;1mSHOW FIELDS FROM `languages`[0m
  [4;35;1mLanguage Load (0.7ms)[0m   [0mSELECT * FROM `languages` WHERE (`languages`.`id` = 1) [0m
  [4;36;1mLanguage Load (0.1ms)[0m   [0;1mSELECT * FROM `languages` ORDER BY name[0m
Rendered languages/_side_nav (1.9ms)
Completed in 27ms (View: 17, DB: 5) | 200 OK [http://org.local/bookmarks]
  [4;35;1mSQL (0.1ms)[0m   [0mSET NAMES 'utf8'[0m
  [4;36;1mSQL (0.1ms)[0m   [0;1mSET SQL_AUTO_IS_NULL=0[0m


Processing BookmarksController#index (for 127.0.0.1 at 2009-09-19 17:32:05) [GET]
  [4;35;1mBookmark Load (0.5ms)[0m   [0mSELECT * FROM `bookmarks` LIMIT 0, 60[0m
Rendering template within layouts/bookmarks
Rendering bookmarks/index
  [4;36;1mBookmark Columns (5.2ms)[0m   [0;1mSHOW FIELDS FROM `bookmarks`[0m
  [4;35;1mLanguage Columns (2.9ms)[0m   [0mSHOW FIELDS FROM `languages`[0m
  [4;36;1mLanguage Load (0.7ms)[0m   [0;1mSELECT * FROM `languages` WHERE (`languages`.`id` = 1) [0m
  [4;35;1mLanguage Load (0.2ms)[0m   [0mSELECT * FROM `languages` ORDER BY name[0m
Rendered languages/_side_nav (2.4ms)
Completed in 34ms (View: 15, DB: 10) | 200 OK [http://org.local/bookmarks]
